#
# There is insufficient memory for the Java Runtime Environment to continue.
# Native memory allocation (mmap) failed to map 141557760 bytes for committing reserved memory.
# Possible reasons:
#   The system is out of physical RAM or swap space
#   The process is running with CompressedOops enabled, and the Java Heap may be blocking the growth of the native heap
# Possible solutions:
#   Reduce memory load on the system
#   Increase physical memory or swap space
#   Check if swap backing store is full
#   Decrease Java heap size (-Xmx/-Xms)
#   Decrease number of Java threads
#   Decrease Java thread stack sizes (-Xss)
#   Set larger code cache with -XX:ReservedCodeCacheSize=
#   JVM is running with Unscaled Compressed Oops mode in which the Java heap is
#     placed in the first 4GB address space. The Java Heap base address is the
#     maximum limit for the native heap growth. Please use -XX:HeapBaseMinAddress
#     to set the Java Heap base and to place the Java Heap above 4GB virtual address.
# This output file may be truncated or incomplete.
#
#  Out of Memory Error (os_linux.cpp:2866), pid=4730, tid=4739
#
# JRE version: OpenJDK Runtime Environment (11.0.7+10) (build 11.0.7+10-post-Ubuntu-2ubuntu218.04)
# Java VM: OpenJDK 64-Bit Server VM (11.0.7+10-post-Ubuntu-2ubuntu218.04, mixed mode, sharing, tiered, compressed oops, g1 gc, linux-amd64)
# Core dump will be written. Default location: Core dumps may be processed with "/usr/share/apport/apport %p %s %c %d %P %E" (or dumping to /home/ubuntu/Bureau/template-jobshop-master/core.4730)
#

---------------  S U M M A R Y ------------

Command Line: -Dfile.encoding=UTF-8 -Duser.country=FR -Duser.language=fr -Duser.variant jobshop.Main --solver tabou --instance la04 ft06 ft10

Host: Intel(R) Core(TM) i5-8300H CPU @ 2.30GHz, 2 cores, 1G, Ubuntu 18.04.4 LTS
Time: Wed May  6 16:35:41 2020 CEST elapsed time: 2 seconds (0d 0h 0m 2s)

---------------  T H R E A D  ---------------

Current thread (0x00007fb7d8090000):  VMThread "VM Thread" [stack: 0x00007fb7b8760000,0x00007fb7b8860000] [id=4739]

Stack: [0x00007fb7b8760000,0x00007fb7b8860000],  sp=0x00007fb7b885de40,  free space=1015k
Native frames: (J=compiled Java code, A=aot compiled Java code, j=interpreted, Vv=VM code, C=native code)
V  [libjvm.so+0xdf8009]
V  [libjvm.so+0xdf8c9b]
V  [libjvm.so+0x6514e5]
V  [libjvm.so+0xbcfd48]
V  [libjvm.so+0xbc739d]
V  [libjvm.so+0x77034f]
V  [libjvm.so+0x7705be]
V  [libjvm.so+0x77c630]
V  [libjvm.so+0x7f8339]
V  [libjvm.so+0x7f8f92]
V  [libjvm.so+0x7f93f9]
V  [libjvm.so+0x72ea4f]
V  [libjvm.so+0x73374a]
V  [libjvm.so+0xe03291]
V  [libjvm.so+0xdfa8d8]
V  [libjvm.so+0xe00a96]
V  [libjvm.so+0xe00fa0]
V  [libjvm.so+0xe01423]
V  [libjvm.so+0xd85acf]
V  [libjvm.so+0xbd59de]

VM_Operation (0x00007fb7e03b6360): G1CollectForAllocation, mode: safepoint, requested by thread 0x00007fb7d8016800


---------------  P R O C E S S  ---------------

Threads class SMR info:
_java_thread_list=0x00007fb7d811df00, length=10, elements={
0x00007fb7d8016800, 0x00007fb7d8092800, 0x00007fb7d8094800, 0x00007fb7d809a800,
0x00007fb7d809c800, 0x00007fb7d809e800, 0x00007fb7d80a0800, 0x00007fb7d80d7800,
0x00007fb7d80dc800, 0x00007fb7d811c800
}

Java Threads: ( => current thread )
  0x00007fb7d8016800 JavaThread "main" [_thread_blocked, id=4732, stack(0x00007fb7e02b7000,0x00007fb7e03b8000)]
  0x00007fb7d8092800 JavaThread "Reference Handler" daemon [_thread_blocked, id=4740, stack(0x00007fb7b865d000,0x00007fb7b875e000)]
  0x00007fb7d8094800 JavaThread "Finalizer" daemon [_thread_blocked, id=4741, stack(0x00007fb7b855c000,0x00007fb7b865d000)]
  0x00007fb7d809a800 JavaThread "Signal Dispatcher" daemon [_thread_blocked, id=4742, stack(0x00007fb7b845b000,0x00007fb7b855c000)]
  0x00007fb7d809c800 JavaThread "C2 CompilerThread0" daemon [_thread_blocked, id=4743, stack(0x00007fb7b835a000,0x00007fb7b845b000)]
  0x00007fb7d809e800 JavaThread "C1 CompilerThread0" daemon [_thread_blocked, id=4744, stack(0x00007fb7b8259000,0x00007fb7b835a000)]
  0x00007fb7d80a0800 JavaThread "Sweeper thread" daemon [_thread_blocked, id=4745, stack(0x00007fb7b8158000,0x00007fb7b8259000)]
  0x00007fb7d80d7800 JavaThread "Service Thread" daemon [_thread_blocked, id=4746, stack(0x00007fb7b8057000,0x00007fb7b8158000)]
  0x00007fb7d80dc800 JavaThread "Common-Cleaner" daemon [_thread_blocked, id=4748, stack(0x00007fb79b42e000,0x00007fb79b52f000)]
  0x00007fb7d811c800 JavaThread "process reaper" daemon [_thread_blocked, id=4750, stack(0x00007fb7b8004000,0x00007fb7b8026000)]

Other Threads:
=>0x00007fb7d8090000 VMThread "VM Thread" [stack: 0x00007fb7b8760000,0x00007fb7b8860000] [id=4739]
  0x00007fb7d80da000 WatcherThread [stack: 0x00007fb79b531000,0x00007fb79b631000] [id=4747]
  0x00007fb7d802f000 GCTaskThread "GC Thread#0" [stack: 0x00007fb7dc295000,0x00007fb7dc395000] [id=4734]
  0x00007fb7a8001000 GCTaskThread "GC Thread#1" [stack: 0x00007fb79af06000,0x00007fb79b006000] [id=4751]
  0x00007fb7d803f800 ConcurrentGCThread "G1 Main Marker" [stack: 0x00007fb7c051f000,0x00007fb7c061f000] [id=4735]
  0x00007fb7d8041800 ConcurrentGCThread "G1 Conc#0" [stack: 0x00007fb7c041d000,0x00007fb7c051d000] [id=4736]
  0x00007fb7d8064000 ConcurrentGCThread "G1 Refine#0" [stack: 0x00007fb7c0119000,0x00007fb7c0219000] [id=4737]
  0x00007fb7d8066000 ConcurrentGCThread "G1 Young RemSet Sampling" [stack: 0x00007fb7c0017000,0x00007fb7c0117000] [id=4738]

Threads with active compile tasks:
C2 CompilerThread0   2264  837       4       jobshop.encodings.ResourceOrder::<init> (127 bytes)

VM state:at safepoint (normal execution)

VM Mutex/Monitor currently owned by a thread:  ([mutex/lock_event])
[0x00007fb7d8012a40] Threads_lock - owner thread: 0x00007fb7d8090000
[0x00007fb7d8013220] Heap_lock - owner thread: 0x00007fb7d8016800

Heap address: 0x00000000e0c00000, size: 500 MB, Compressed Oops mode: 32-bit
Narrow klass base: 0x0000000800000000, Narrow klass shift: 3
Compressed class space size: 1073741824 Address: 0x0000000840000000

Heap:
 garbage-first heap   total 271360K, used 1616K [0x00000000e0c00000, 0x0000000100000000)
  region size 1024K, 1 young (1024K), 1 survivors (1024K)
 Metaspace       used 2320K, capacity 5125K, committed 5376K, reserved 1056768K
  class space    used 237K, capacity 489K, committed 512K, reserved 1048576K
Heap Regions: E=young(eden), S=young(survivor), O=old, HS=humongous(starts), HC=humongous(continues), CS=collection set, F=free, A=archive, TAMS=top-at-mark-start (previous, next)
|   0|0x00000000e0c00000, 0x00000000e0c00000, 0x00000000e0d00000|  0%| F|  |TAMS 0x00000000e0c00000, 0x00000000e0c00000| Untracked 
|   1|0x00000000e0d00000, 0x00000000e0d00000, 0x00000000e0e00000|  0%| F|  |TAMS 0x00000000e0d00000, 0x00000000e0d00000| Untracked 
|   2|0x00000000e0e00000, 0x00000000e0e00000, 0x00000000e0f00000|  0%| F|  |TAMS 0x00000000e0e00000, 0x00000000e0e00000| Untracked 
|   3|0x00000000e0f00000, 0x00000000e0f00000, 0x00000000e1000000|  0%| F|  |TAMS 0x00000000e0f00000, 0x00000000e0f00000| Untracked 
|   4|0x00000000e1000000, 0x00000000e1000000, 0x00000000e1100000|  0%| F|  |TAMS 0x00000000e1000000, 0x00000000e1000000| Untracked 
|   5|0x00000000e1100000, 0x00000000e1100000, 0x00000000e1200000|  0%| F|  |TAMS 0x00000000e1100000, 0x00000000e1100000| Untracked 
|   6|0x00000000e1200000, 0x00000000e1200000, 0x00000000e1300000|  0%| F|  |TAMS 0x00000000e1200000, 0x00000000e1200000| Untracked 
|   7|0x00000000e1300000, 0x00000000e1300000, 0x00000000e1400000|  0%| F|  |TAMS 0x00000000e1300000, 0x00000000e1300000| Untracked 
|   8|0x00000000e1400000, 0x00000000e1400000, 0x00000000e1500000|  0%| F|  |TAMS 0x00000000e1400000, 0x00000000e1400000| Untracked 
|   9|0x00000000e1500000, 0x00000000e1500000, 0x00000000e1600000|  0%| F|  |TAMS 0x00000000e1500000, 0x00000000e1500000| Untracked 
|  10|0x00000000e1600000, 0x00000000e1600000, 0x00000000e1700000|  0%| F|  |TAMS 0x00000000e1600000, 0x00000000e1600000| Untracked 
|  11|0x00000000e1700000, 0x00000000e1700000, 0x00000000e1800000|  0%| F|  |TAMS 0x00000000e1700000, 0x00000000e1700000| Untracked 
|  12|0x00000000e1800000, 0x00000000e1800000, 0x00000000e1900000|  0%| F|  |TAMS 0x00000000e1800000, 0x00000000e1800000| Untracked 
|  13|0x00000000e1900000, 0x00000000e1900000, 0x00000000e1a00000|  0%| F|  |TAMS 0x00000000e1900000, 0x00000000e1900000| Untracked 
|  14|0x00000000e1a00000, 0x00000000e1a00000, 0x00000000e1b00000|  0%| F|  |TAMS 0x00000000e1a00000, 0x00000000e1a00000| Untracked 
|  15|0x00000000e1b00000, 0x00000000e1b00000, 0x00000000e1c00000|  0%| F|  |TAMS 0x00000000e1b00000, 0x00000000e1b00000| Untracked 
|  16|0x00000000e1c00000, 0x00000000e1c00000, 0x00000000e1d00000|  0%| F|  |TAMS 0x00000000e1c00000, 0x00000000e1c00000| Untracked 
|  17|0x00000000e1d00000, 0x00000000e1d00000, 0x00000000e1e00000|  0%| F|  |TAMS 0x00000000e1d00000, 0x00000000e1d00000| Untracked 
|  18|0x00000000e1e00000, 0x00000000e1e00000, 0x00000000e1f00000|  0%| F|  |TAMS 0x00000000e1e00000, 0x00000000e1e00000| Untracked 
|  19|0x00000000e1f00000, 0x00000000e1f00000, 0x00000000e2000000|  0%| F|  |TAMS 0x00000000e1f00000, 0x00000000e1f00000| Untracked 
|  20|0x00000000e2000000, 0x00000000e2000000, 0x00000000e2100000|  0%| F|  |TAMS 0x00000000e2000000, 0x00000000e2000000| Untracked 
|  21|0x00000000e2100000, 0x00000000e2100000, 0x00000000e2200000|  0%| F|  |TAMS 0x00000000e2100000, 0x00000000e2100000| Untracked 
|  22|0x00000000e2200000, 0x00000000e2200000, 0x00000000e2300000|  0%| F|  |TAMS 0x00000000e2200000, 0x00000000e2200000| Untracked 
|  23|0x00000000e2300000, 0x00000000e2300000, 0x00000000e2400000|  0%| F|  |TAMS 0x00000000e2300000, 0x00000000e2300000| Untracked 
|  24|0x00000000e2400000, 0x00000000e2400000, 0x00000000e2500000|  0%| F|  |TAMS 0x00000000e2400000, 0x00000000e2400000| Untracked 
|  25|0x00000000e2500000, 0x00000000e2500000, 0x00000000e2600000|  0%| F|  |TAMS 0x00000000e2500000, 0x00000000e2500000| Untracked 
|  26|0x00000000e2600000, 0x00000000e2600000, 0x00000000e2700000|  0%| F|  |TAMS 0x00000000e2600000, 0x00000000e2600000| Untracked 
|  27|0x00000000e2700000, 0x00000000e2700000, 0x00000000e2800000|  0%| F|  |TAMS 0x00000000e2700000, 0x00000000e2700000| Untracked 
|  28|0x00000000e2800000, 0x00000000e2800000, 0x00000000e2900000|  0%| F|  |TAMS 0x00000000e2800000, 0x00000000e2800000| Untracked 
|  29|0x00000000e2900000, 0x00000000e2900000, 0x00000000e2a00000|  0%| F|  |TAMS 0x00000000e2900000, 0x00000000e2900000| Untracked 
|  30|0x00000000e2a00000, 0x00000000e2a00000, 0x00000000e2b00000|  0%| F|  |TAMS 0x00000000e2a00000, 0x00000000e2a00000| Untracked 
|  31|0x00000000e2b00000, 0x00000000e2b00000, 0x00000000e2c00000|  0%| F|  |TAMS 0x00000000e2b00000, 0x00000000e2b00000| Untracked 
|  32|0x00000000e2c00000, 0x00000000e2c00000, 0x00000000e2d00000|  0%| F|  |TAMS 0x00000000e2c00000, 0x00000000e2c00000| Untracked 
|  33|0x00000000e2d00000, 0x00000000e2d00000, 0x00000000e2e00000|  0%| F|  |TAMS 0x00000000e2d00000, 0x00000000e2d00000| Untracked 
|  34|0x00000000e2e00000, 0x00000000e2e00000, 0x00000000e2f00000|  0%| F|  |TAMS 0x00000000e2e00000, 0x00000000e2e00000| Untracked 
|  35|0x00000000e2f00000, 0x00000000e2f00000, 0x00000000e3000000|  0%| F|  |TAMS 0x00000000e2f00000, 0x00000000e2f00000| Untracked 
|  36|0x00000000e3000000, 0x00000000e3000000, 0x00000000e3100000|  0%| F|  |TAMS 0x00000000e3000000, 0x00000000e3000000| Untracked 
|  37|0x00000000e3100000, 0x00000000e3100000, 0x00000000e3200000|  0%| F|  |TAMS 0x00000000e3100000, 0x00000000e3100000| Untracked 
|  38|0x00000000e3200000, 0x00000000e3200000, 0x00000000e3300000|  0%| F|  |TAMS 0x00000000e3200000, 0x00000000e3200000| Untracked 
|  39|0x00000000e3300000, 0x00000000e3300000, 0x00000000e3400000|  0%| F|  |TAMS 0x00000000e3300000, 0x00000000e3300000| Untracked 
|  40|0x00000000e3400000, 0x00000000e3400000, 0x00000000e3500000|  0%| F|  |TAMS 0x00000000e3400000, 0x00000000e3400000| Untracked 
|  41|0x00000000e3500000, 0x00000000e3500000, 0x00000000e3600000|  0%| F|  |TAMS 0x00000000e3500000, 0x00000000e3500000| Untracked 
|  42|0x00000000e3600000, 0x00000000e3600000, 0x00000000e3700000|  0%| F|  |TAMS 0x00000000e3600000, 0x00000000e3600000| Untracked 
|  43|0x00000000e3700000, 0x00000000e3700000, 0x00000000e3800000|  0%| F|  |TAMS 0x00000000e3700000, 0x00000000e3700000| Untracked 
|  44|0x00000000e3800000, 0x00000000e3800000, 0x00000000e3900000|  0%| F|  |TAMS 0x00000000e3800000, 0x00000000e3800000| Untracked 
|  45|0x00000000e3900000, 0x00000000e3900000, 0x00000000e3a00000|  0%| F|  |TAMS 0x00000000e3900000, 0x00000000e3900000| Untracked 
|  46|0x00000000e3a00000, 0x00000000e3a00000, 0x00000000e3b00000|  0%| F|  |TAMS 0x00000000e3a00000, 0x00000000e3a00000| Untracked 
|  47|0x00000000e3b00000, 0x00000000e3b00000, 0x00000000e3c00000|  0%| F|  |TAMS 0x00000000e3b00000, 0x00000000e3b00000| Untracked 
|  48|0x00000000e3c00000, 0x00000000e3c00000, 0x00000000e3d00000|  0%| F|  |TAMS 0x00000000e3c00000, 0x00000000e3c00000| Untracked 
|  49|0x00000000e3d00000, 0x00000000e3d00000, 0x00000000e3e00000|  0%| F|  |TAMS 0x00000000e3d00000, 0x00000000e3d00000| Untracked 
|  50|0x00000000e3e00000, 0x00000000e3ee30c0, 0x00000000e3f00000| 88%| S|CS|TAMS 0x00000000e3e00000, 0x00000000e3e00000| Complete 
|  51|0x00000000e3f00000, 0x00000000e3f00000, 0x00000000e4000000|  0%| F|  |TAMS 0x00000000e3f00000, 0x00000000e3f00000| Untracked 
|  52|0x00000000e4000000, 0x00000000e4000000, 0x00000000e4100000|  0%| F|  |TAMS 0x00000000e4000000, 0x00000000e4000000| Untracked 
|  53|0x00000000e4100000, 0x00000000e4100000, 0x00000000e4200000|  0%| F|  |TAMS 0x00000000e4100000, 0x00000000e4100000| Untracked 
|  54|0x00000000e4200000, 0x00000000e4200000, 0x00000000e4300000|  0%| F|  |TAMS 0x00000000e4200000, 0x00000000e4200000| Untracked 
|  55|0x00000000e4300000, 0x00000000e4300000, 0x00000000e4400000|  0%| F|  |TAMS 0x00000000e4300000, 0x00000000e4300000| Untracked 
|  56|0x00000000e4400000, 0x00000000e4400000, 0x00000000e4500000|  0%| F|  |TAMS 0x00000000e4400000, 0x00000000e4400000| Untracked 
|  57|0x00000000e4500000, 0x00000000e4500000, 0x00000000e4600000|  0%| F|  |TAMS 0x00000000e4500000, 0x00000000e4500000| Untracked 
|  58|0x00000000e4600000, 0x00000000e4600000, 0x00000000e4700000|  0%| F|  |TAMS 0x00000000e4600000, 0x00000000e4600000| Untracked 
|  59|0x00000000e4700000, 0x00000000e4700000, 0x00000000e4800000|  0%| F|  |TAMS 0x00000000e4700000, 0x00000000e4700000| Untracked 
|  60|0x00000000e4800000, 0x00000000e4800000, 0x00000000e4900000|  0%| F|  |TAMS 0x00000000e4800000, 0x00000000e4800000| Untracked 
|  61|0x00000000e4900000, 0x00000000e4900000, 0x00000000e4a00000|  0%| F|  |TAMS 0x00000000e4900000, 0x00000000e4900000| Untracked 
|  62|0x00000000e4a00000, 0x00000000e4a00000, 0x00000000e4b00000|  0%| F|  |TAMS 0x00000000e4a00000, 0x00000000e4a00000| Untracked 
|  63|0x00000000e4b00000, 0x00000000e4b00000, 0x00000000e4c00000|  0%| F|  |TAMS 0x00000000e4b00000, 0x00000000e4b00000| Untracked 
|  64|0x00000000e4c00000, 0x00000000e4c00000, 0x00000000e4d00000|  0%| F|  |TAMS 0x00000000e4c00000, 0x00000000e4c00000| Untracked 
|  65|0x00000000e4d00000, 0x00000000e4d00000, 0x00000000e4e00000|  0%| F|  |TAMS 0x00000000e4d00000, 0x00000000e4d00000| Untracked 
|  66|0x00000000e4e00000, 0x00000000e4e00000, 0x00000000e4f00000|  0%| F|  |TAMS 0x00000000e4e00000, 0x00000000e4e00000| Untracked 
|  67|0x00000000e4f00000, 0x00000000e4f00000, 0x00000000e5000000|  0%| F|  |TAMS 0x00000000e4f00000, 0x00000000e4f00000| Untracked 
|  68|0x00000000e5000000, 0x00000000e5000000, 0x00000000e5100000|  0%| F|  |TAMS 0x00000000e5000000, 0x00000000e5000000| Untracked 
|  69|0x00000000e5100000, 0x00000000e5100000, 0x00000000e5200000|  0%| F|  |TAMS 0x00000000e5100000, 0x00000000e5100000| Untracked 
|  70|0x00000000e5200000, 0x00000000e5200000, 0x00000000e5300000|  0%| F|  |TAMS 0x00000000e5200000, 0x00000000e5200000| Untracked 
|  71|0x00000000e5300000, 0x00000000e5300000, 0x00000000e5400000|  0%| F|  |TAMS 0x00000000e5300000, 0x00000000e5300000| Untracked 
|  72|0x00000000e5400000, 0x00000000e5400000, 0x00000000e5500000|  0%| F|  |TAMS 0x00000000e5400000, 0x00000000e5400000| Untracked 
|  73|0x00000000e5500000, 0x00000000e5500000, 0x00000000e5600000|  0%| F|  |TAMS 0x00000000e5500000, 0x00000000e5500000| Untracked 
|  74|0x00000000e5600000, 0x00000000e5600000, 0x00000000e5700000|  0%| F|  |TAMS 0x00000000e5600000, 0x00000000e5600000| Untracked 
|  75|0x00000000e5700000, 0x00000000e5700000, 0x00000000e5800000|  0%| F|  |TAMS 0x00000000e5700000, 0x00000000e5700000| Untracked 
|  76|0x00000000e5800000, 0x00000000e5800000, 0x00000000e5900000|  0%| F|  |TAMS 0x00000000e5800000, 0x00000000e5800000| Untracked 
|  77|0x00000000e5900000, 0x00000000e5900000, 0x00000000e5a00000|  0%| F|  |TAMS 0x00000000e5900000, 0x00000000e5900000| Untracked 
|  78|0x00000000e5a00000, 0x00000000e5a00000, 0x00000000e5b00000|  0%| F|  |TAMS 0x00000000e5a00000, 0x00000000e5a00000| Untracked 
|  79|0x00000000e5b00000, 0x00000000e5b00000, 0x00000000e5c00000|  0%| F|  |TAMS 0x00000000e5b00000, 0x00000000e5b00000| Untracked 
|  80|0x00000000e5c00000, 0x00000000e5c00000, 0x00000000e5d00000|  0%| F|  |TAMS 0x00000000e5c00000, 0x00000000e5c00000| Untracked 
|  81|0x00000000e5d00000, 0x00000000e5d00000, 0x00000000e5e00000|  0%| F|  |TAMS 0x00000000e5d00000, 0x00000000e5d00000| Untracked 
|  82|0x00000000e5e00000, 0x00000000e5e00000, 0x00000000e5f00000|  0%| F|  |TAMS 0x00000000e5e00000, 0x00000000e5e00000| Untracked 
|  83|0x00000000e5f00000, 0x00000000e5f00000, 0x00000000e6000000|  0%| F|  |TAMS 0x00000000e5f00000, 0x00000000e5f00000| Untracked 
|  84|0x00000000e6000000, 0x00000000e6000000, 0x00000000e6100000|  0%| F|  |TAMS 0x00000000e6000000, 0x00000000e6000000| Untracked 
|  85|0x00000000e6100000, 0x00000000e6100000, 0x00000000e6200000|  0%| F|  |TAMS 0x00000000e6100000, 0x00000000e6100000| Untracked 
|  86|0x00000000e6200000, 0x00000000e6200000, 0x00000000e6300000|  0%| F|  |TAMS 0x00000000e6200000, 0x00000000e6200000| Untracked 
|  87|0x00000000e6300000, 0x00000000e6300000, 0x00000000e6400000|  0%| F|  |TAMS 0x00000000e6300000, 0x00000000e6300000| Untracked 
|  88|0x00000000e6400000, 0x00000000e6400000, 0x00000000e6500000|  0%| F|  |TAMS 0x00000000e6400000, 0x00000000e6400000| Untracked 
|  89|0x00000000e6500000, 0x00000000e6500000, 0x00000000e6600000|  0%| F|  |TAMS 0x00000000e6500000, 0x00000000e6500000| Untracked 
|  90|0x00000000e6600000, 0x00000000e6600000, 0x00000000e6700000|  0%| F|  |TAMS 0x00000000e6600000, 0x00000000e6600000| Untracked 
|  91|0x00000000e6700000, 0x00000000e6700000, 0x00000000e6800000|  0%| F|  |TAMS 0x00000000e6700000, 0x00000000e6700000| Untracked 
|  92|0x00000000e6800000, 0x00000000e6800000, 0x00000000e6900000|  0%| F|  |TAMS 0x00000000e6800000, 0x00000000e6800000| Untracked 
|  93|0x00000000e6900000, 0x00000000e6900000, 0x00000000e6a00000|  0%| F|  |TAMS 0x00000000e6900000, 0x00000000e6900000| Untracked 
|  94|0x00000000e6a00000, 0x00000000e6a00000, 0x00000000e6b00000|  0%| F|  |TAMS 0x00000000e6a00000, 0x00000000e6a00000| Untracked 
|  95|0x00000000e6b00000, 0x00000000e6b00000, 0x00000000e6c00000|  0%| F|  |TAMS 0x00000000e6b00000, 0x00000000e6b00000| Untracked 
|  96|0x00000000e6c00000, 0x00000000e6c00000, 0x00000000e6d00000|  0%| F|  |TAMS 0x00000000e6c00000, 0x00000000e6c00000| Untracked 
|  97|0x00000000e6d00000, 0x00000000e6d00000, 0x00000000e6e00000|  0%| F|  |TAMS 0x00000000e6d00000, 0x00000000e6d00000| Untracked 
|  98|0x00000000e6e00000, 0x00000000e6e00000, 0x00000000e6f00000|  0%| F|  |TAMS 0x00000000e6e00000, 0x00000000e6e00000| Untracked 
|  99|0x00000000e6f00000, 0x00000000e6f00000, 0x00000000e7000000|  0%| F|  |TAMS 0x00000000e6f00000, 0x00000000e6f00000| Untracked 
| 100|0x00000000e7000000, 0x00000000e7000000, 0x00000000e7100000|  0%| F|  |TAMS 0x00000000e7000000, 0x00000000e7000000| Untracked 
| 101|0x00000000e7100000, 0x00000000e7100000, 0x00000000e7200000|  0%| F|  |TAMS 0x00000000e7100000, 0x00000000e7100000| Untracked 
| 102|0x00000000e7200000, 0x00000000e7200000, 0x00000000e7300000|  0%| F|  |TAMS 0x00000000e7200000, 0x00000000e7200000| Untracked 
| 103|0x00000000e7300000, 0x00000000e7300000, 0x00000000e7400000|  0%| F|  |TAMS 0x00000000e7300000, 0x00000000e7300000| Untracked 
| 104|0x00000000e7400000, 0x00000000e7400000, 0x00000000e7500000|  0%| F|  |TAMS 0x00000000e7400000, 0x00000000e7400000| Untracked 
| 105|0x00000000e7500000, 0x00000000e7500000, 0x00000000e7600000|  0%| F|  |TAMS 0x00000000e7500000, 0x00000000e7500000| Untracked 
| 106|0x00000000e7600000, 0x00000000e7600000, 0x00000000e7700000|  0%| F|  |TAMS 0x00000000e7600000, 0x00000000e7600000| Untracked 
| 107|0x00000000e7700000, 0x00000000e7700000, 0x00000000e7800000|  0%| F|  |TAMS 0x00000000e7700000, 0x00000000e7700000| Untracked 
| 108|0x00000000e7800000, 0x00000000e7800000, 0x00000000e7900000|  0%| F|  |TAMS 0x00000000e7800000, 0x00000000e7800000| Untracked 
| 109|0x00000000e7900000, 0x00000000e7900000, 0x00000000e7a00000|  0%| F|  |TAMS 0x00000000e7900000, 0x00000000e7900000| Untracked 
| 110|0x00000000e7a00000, 0x00000000e7a00000, 0x00000000e7b00000|  0%| F|  |TAMS 0x00000000e7a00000, 0x00000000e7a00000| Untracked 
| 111|0x00000000e7b00000, 0x00000000e7b00000, 0x00000000e7c00000|  0%| F|  |TAMS 0x00000000e7b00000, 0x00000000e7b00000| Untracked 
| 112|0x00000000e7c00000, 0x00000000e7c00000, 0x00000000e7d00000|  0%| F|  |TAMS 0x00000000e7c00000, 0x00000000e7c00000| Untracked 
| 113|0x00000000e7d00000, 0x00000000e7d00000, 0x00000000e7e00000|  0%| F|  |TAMS 0x00000000e7d00000, 0x00000000e7d00000| Untracked 
| 114|0x00000000e7e00000, 0x00000000e7e00000, 0x00000000e7f00000|  0%| F|  |TAMS 0x00000000e7e00000, 0x00000000e7e00000| Untracked 
| 115|0x00000000e7f00000, 0x00000000e7f00000, 0x00000000e8000000|  0%| F|  |TAMS 0x00000000e7f00000, 0x00000000e7f00000| Untracked 
| 116|0x00000000e8000000, 0x00000000e8000000, 0x00000000e8100000|  0%| F|  |TAMS 0x00000000e8000000, 0x00000000e8000000| Untracked 
| 117|0x00000000e8100000, 0x00000000e8100000, 0x00000000e8200000|  0%| F|  |TAMS 0x00000000e8100000, 0x00000000e8100000| Untracked 
| 118|0x00000000e8200000, 0x00000000e8200000, 0x00000000e8300000|  0%| F|  |TAMS 0x00000000e8200000, 0x00000000e8200000| Untracked 
| 119|0x00000000e8300000, 0x00000000e8300000, 0x00000000e8400000|  0%| F|  |TAMS 0x00000000e8300000, 0x00000000e8300000| Untracked 
| 120|0x00000000e8400000, 0x00000000e8400000, 0x00000000e8500000|  0%| F|  |TAMS 0x00000000e8400000, 0x00000000e8400000| Untracked 
| 121|0x00000000e8500000, 0x00000000e8500000, 0x00000000e8600000|  0%| F|  |TAMS 0x00000000e8500000, 0x00000000e8500000| Untracked 
| 122|0x00000000e8600000, 0x00000000e8600000, 0x00000000e8700000|  0%| F|  |TAMS 0x00000000e8600000, 0x00000000e8600000| Untracked 
| 123|0x00000000e8700000, 0x00000000e8700000, 0x00000000e8800000|  0%| F|  |TAMS 0x00000000e8700000, 0x00000000e8700000| Untracked 
| 124|0x00000000e8800000, 0x00000000e8800000, 0x00000000e8900000|  0%| F|  |TAMS 0x00000000e8800000, 0x00000000e8800000| Untracked 
| 125|0x00000000e8900000, 0x00000000e8900000, 0x00000000e8a00000|  0%| F|  |TAMS 0x00000000e8900000, 0x00000000e8900000| Untracked 
| 126|0x00000000e8a00000, 0x00000000e8a00000, 0x00000000e8b00000|  0%| F|  |TAMS 0x00000000e8a00000, 0x00000000e8a00000| Untracked 
| 127|0x00000000e8b00000, 0x00000000e8b00000, 0x00000000e8c00000|  0%| F|  |TAMS 0x00000000e8b00000, 0x00000000e8b00000| Untracked 
| 498|0x00000000ffe00000, 0x00000000ffe47000, 0x00000000fff00000| 27%|OA|  |TAMS 0x00000000ffe00000, 0x00000000ffe00000| Untracked 
| 499|0x00000000fff00000, 0x00000000fff6a000, 0x0000000100000000| 41%|CA|  |TAMS 0x00000000fff00000, 0x00000000fff00000| Untracked 

Card table byte_map: [0x00007fb7c0719000,0x00007fb7c0813000] _byte_map_base: 0x00007fb7c0013000

Marking Bits (Prev, Next): (CMBitMap*) 0x00007fb7d803c918, (CMBitMap*) 0x00007fb7d803c950
 Prev Bits: [0x00007fb7bb830000, 0x00007fb7bc000000)
 Next Bits: [0x00007fb7bb060000, 0x00007fb7bb830000)

Polling page: 0x00007fb7e03ca000

Metaspace:

Usage:
  Non-class:      4,53 MB capacity,     2,03 MB ( 45%) used,     2,48 MB ( 55%) free+waste,     9,06 KB ( <1%) overhead. 
      Class:    489,00 KB capacity,   237,03 KB ( 48%) used,   247,59 KB ( 51%) free+waste,     4,38 KB ( <1%) overhead. 
       Both:      5,00 MB capacity,     2,27 MB ( 45%) used,     2,73 MB ( 54%) free+waste,    13,44 KB ( <1%) overhead. 

Virtual space:
  Non-class space:        8,00 MB reserved,       4,75 MB ( 59%) committed 
      Class space:        1,00 GB reserved,     512,00 KB ( <1%) committed 
             Both:        1,01 GB reserved,       5,25 MB ( <1%) committed 

Chunk freelists:
   Non-Class:  36,00 KB
       Class:  0 bytes
        Both:  36,00 KB

MaxMetaspaceSize: unlimited
CompressedClassSpaceSize: 1,00 GB

CodeHeap 'non-profiled nmethods': size=120036Kb used=293Kb max_used=293Kb free=119742Kb
 bounds [0x00007fb7c83d4000, 0x00007fb7c8644000, 0x00007fb7cf90d000]
CodeHeap 'profiled nmethods': size=120032Kb used=1338Kb max_used=1338Kb free=118693Kb
 bounds [0x00007fb7c0e9c000, 0x00007fb7c110c000, 0x00007fb7c83d4000]
CodeHeap 'non-nmethods': size=5692Kb used=1074Kb max_used=1099Kb free=4617Kb
 bounds [0x00007fb7c090d000, 0x00007fb7c0b7d000, 0x00007fb7c0e9c000]
 total_blobs=1508 nmethods=840 adapters=288
 compilation: enabled
              stopped_count=0, restarted_count=0
 full_count=0

Compilation events (20 events):
Event: 1,105 Thread 0x00007fb7d809c800 nmethod 830 0x00007fb7c8418090 code [0x00007fb7c8418220, 0x00007fb7c8418658]
Event: 1,105 Thread 0x00007fb7d809c800  831       4       java.util.stream.ReferencePipeline::toArray (18 bytes)
Event: 1,127 Thread 0x00007fb7d809e800  835       3       java.util.LinkedList::linkBefore (63 bytes)
Event: 1,128 Thread 0x00007fb7d809e800 nmethod 835 0x00007fb7c0fe8090 code [0x00007fb7c0fe8280, 0x00007fb7c0fe87d0]
Event: 1,135 Thread 0x00007fb7d809c800 nmethod 831 0x00007fb7c8418810 code [0x00007fb7c8418a80, 0x00007fb7c8419648]
Event: 1,135 Thread 0x00007fb7d809c800  833       4       java.util.stream.AbstractPipeline::evaluateToArrayNode (78 bytes)
Event: 1,291 Thread 0x00007fb7d809c800 nmethod 833 0x00007fb7c841a210 code [0x00007fb7c841a480, 0x00007fb7c841afc8]
Event: 1,291 Thread 0x00007fb7d809c800  836       4       java.util.stream.SortedOps$SizedRefSortingSink::begin (28 bytes)
Event: 1,293 Thread 0x00007fb7d809c800 nmethod 836 0x00007fb7c841ba90 code [0x00007fb7c841bc20, 0x00007fb7c841be58]
Event: 1,293 Thread 0x00007fb7d809c800  834       4       java.util.stream.AbstractPipeline::evaluate (44 bytes)
Event: 1,310 Thread 0x00007fb7d809c800 nmethod 834 0x00007fb7c841bf10 code [0x00007fb7c841c180, 0x00007fb7c841cc48]
Event: 1,352 Thread 0x00007fb7d809c800  837       4       jobshop.encodings.ResourceOrder::<init> (127 bytes)
Event: 1,354 Thread 0x00007fb7d809e800  839       3       jobshop.solvers.Solvertabou$Swap::applyOn (62 bytes)
Event: 1,493 Thread 0x00007fb7d809e800 nmethod 839 0x00007fb7c0fe8990 code [0x00007fb7c0fe8ba0, 0x00007fb7c0fe92d8]
Event: 1,647 Thread 0x00007fb7d809e800  841       3       java.util.ArrayList::iterator (9 bytes)
Event: 1,684 Thread 0x00007fb7d809e800 nmethod 841 0x00007fb7c0fe9610 code [0x00007fb7c0fe97e0, 0x00007fb7c0fe9af0]
Event: 1,745 Thread 0x00007fb7d809e800  843       3       java.util.ArrayList::newCapacity (65 bytes)
Event: 1,746 Thread 0x00007fb7d809e800 nmethod 843 0x00007fb7c0fe9c10 code [0x00007fb7c0fe9e20, 0x00007fb7c0fea438]
Event: 1,759 Thread 0x00007fb7d809e800  844       3       java.util.ArrayList$Itr::hasNext (20 bytes)
Event: 1,760 Thread 0x00007fb7d809e800 nmethod 844 0x00007fb7c0fea610 code [0x00007fb7c0fea7c0, 0x00007fb7c0fea9b0]

GC Heap History (20 events):
Event: 0,566 GC heap after
{Heap after GC invocations=3 (full 0):
 garbage-first heap   total 34816K, used 1587K [0x00000000e0c00000, 0x0000000100000000)
  region size 1024K, 1 young (1024K), 1 survivors (1024K)
 Metaspace       used 2164K, capacity 5118K, committed 5376K, reserved 1056768K
  class space    used 229K, capacity 489K, committed 512K, reserved 1048576K
}
Event: 0,604 GC heap before
{Heap before GC invocations=3 (full 0):
 garbage-first heap   total 34816K, used 20019K [0x00000000e0c00000, 0x0000000100000000)
  region size 1024K, 19 young (19456K), 1 survivors (1024K)
 Metaspace       used 2169K, capacity 5118K, committed 5376K, reserved 1056768K
  class space    used 229K, capacity 489K, committed 512K, reserved 1048576K
}
Event: 0,614 GC heap after
{Heap after GC invocations=4 (full 0):
 garbage-first heap   total 34816K, used 1534K [0x00000000e0c00000, 0x0000000100000000)
  region size 1024K, 1 young (1024K), 1 survivors (1024K)
 Metaspace       used 2169K, capacity 5118K, committed 5376K, reserved 1056768K
  class space    used 229K, capacity 489K, committed 512K, reserved 1048576K
}
Event: 0,645 GC heap before
{Heap before GC invocations=4 (full 0):
 garbage-first heap   total 34816K, used 19966K [0x00000000e0c00000, 0x0000000100000000)
  region size 1024K, 19 young (19456K), 1 survivors (1024K)
 Metaspace       used 2169K, capacity 5118K, committed 5376K, reserved 1056768K
  class space    used 229K, capacity 489K, committed 512K, reserved 1048576K
}
Event: 0,656 GC heap after
{Heap after GC invocations=5 (full 0):
 garbage-first heap   total 65536K, used 1523K [0x00000000e0c00000, 0x0000000100000000)
  region size 1024K, 1 young (1024K), 1 survivors (1024K)
 Metaspace       used 2169K, capacity 5118K, committed 5376K, reserved 1056768K
  class space    used 229K, capacity 489K, committed 512K, reserved 1048576K
}
Event: 0,816 GC heap before
{Heap before GC invocations=5 (full 0):
 garbage-first heap   total 65536K, used 30195K [0x00000000e0c00000, 0x0000000100000000)
  region size 1024K, 29 young (29696K), 1 survivors (1024K)
 Metaspace       used 2291K, capacity 5120K, committed 5376K, reserved 1056768K
  class space    used 237K, capacity 489K, committed 512K, reserved 1048576K
}
Event: 0,839 GC heap after
{Heap after GC invocations=6 (full 0):
 garbage-first heap   total 65536K, used 1559K [0x00000000e0c00000, 0x0000000100000000)
  region size 1024K, 1 young (1024K), 1 survivors (1024K)
 Metaspace       used 2291K, capacity 5120K, committed 5376K, reserved 1056768K
  class space    used 237K, capacity 489K, committed 512K, reserved 1048576K
}
Event: 0,885 GC heap before
{Heap before GC invocations=6 (full 0):
 garbage-first heap   total 65536K, used 36375K [0x00000000e0c00000, 0x0000000100000000)
  region size 1024K, 35 young (35840K), 1 survivors (1024K)
 Metaspace       used 2294K, capacity 5121K, committed 5376K, reserved 1056768K
  class space    used 237K, capacity 489K, committed 512K, reserved 1048576K
}
Event: 0,896 GC heap after
{Heap after GC invocations=7 (full 0):
 garbage-first heap   total 65536K, used 1642K [0x00000000e0c00000, 0x0000000100000000)
  region size 1024K, 1 young (1024K), 1 survivors (1024K)
 Metaspace       used 2294K, capacity 5121K, committed 5376K, reserved 1056768K
  class space    used 237K, capacity 489K, committed 512K, reserved 1048576K
}
Event: 0,953 GC heap before
{Heap before GC invocations=7 (full 0):
 garbage-first heap   total 65536K, used 39530K [0x00000000e0c00000, 0x0000000100000000)
  region size 1024K, 38 young (38912K), 1 survivors (1024K)
 Metaspace       used 2297K, capacity 5121K, committed 5376K, reserved 1056768K
  class space    used 237K, capacity 489K, committed 512K, reserved 1048576K
}
Event: 0,972 GC heap after
{Heap after GC invocations=8 (full 0):
 garbage-first heap   total 65536K, used 1560K [0x00000000e0c00000, 0x0000000100000000)
  region size 1024K, 1 young (1024K), 1 survivors (1024K)
 Metaspace       used 2297K, capacity 5121K, committed 5376K, reserved 1056768K
  class space    used 237K, capacity 489K, committed 512K, reserved 1048576K
}
Event: 1,051 GC heap before
{Heap before GC invocations=8 (full 0):
 garbage-first heap   total 65536K, used 39448K [0x00000000e0c00000, 0x0000000100000000)
  region size 1024K, 38 young (38912K), 1 survivors (1024K)
 Metaspace       used 2320K, capacity 5125K, committed 5376K, reserved 1056768K
  class space    used 237K, capacity 489K, committed 512K, reserved 1048576K
}
Event: 1,061 GC heap after
{Heap after GC invocations=9 (full 0):
 garbage-first heap   total 133120K, used 1652K [0x00000000e0c00000, 0x0000000100000000)
  region size 1024K, 1 young (1024K), 1 survivors (1024K)
 Metaspace       used 2320K, capacity 5125K, committed 5376K, reserved 1056768K
  class space    used 237K, capacity 489K, committed 512K, reserved 1048576K
}
Event: 1,176 GC heap before
{Heap before GC invocations=9 (full 0):
 garbage-first heap   total 133120K, used 62068K [0x00000000e0c00000, 0x0000000100000000)
  region size 1024K, 60 young (61440K), 1 survivors (1024K)
 Metaspace       used 2320K, capacity 5125K, committed 5376K, reserved 1056768K
  class space    used 237K, capacity 489K, committed 512K, reserved 1048576K
}
Event: 1,271 GC heap after
{Heap after GC invocations=10 (full 0):
 garbage-first heap   total 133120K, used 1542K [0x00000000e0c00000, 0x0000000100000000)
  region size 1024K, 1 young (1024K), 1 survivors (1024K)
 Metaspace       used 2320K, capacity 5125K, committed 5376K, reserved 1056768K
  class space    used 237K, capacity 489K, committed 512K, reserved 1048576K
}
Event: 1,477 GC heap before
{Heap before GC invocations=10 (full 0):
 garbage-first heap   total 133120K, used 77318K [0x00000000e0c00000, 0x0000000100000000)
  region size 1024K, 75 young (76800K), 1 survivors (1024K)
 Metaspace       used 2320K, capacity 5125K, committed 5376K, reserved 1056768K
  class space    used 237K, capacity 489K, committed 512K, reserved 1048576K
}
Event: 1,493 GC heap after
{Heap after GC invocations=11 (full 0):
 garbage-first heap   total 133120K, used 1585K [0x00000000e0c00000, 0x0000000100000000)
  region size 1024K, 1 young (1024K), 1 survivors (1024K)
 Metaspace       used 2320K, capacity 5125K, committed 5376K, reserved 1056768K
  class space    used 237K, capacity 489K, committed 512K, reserved 1048576K
}
Event: 1,700 GC heap before
{Heap before GC invocations=11 (full 0):
 garbage-first heap   total 133120K, used 80433K [0x00000000e0c00000, 0x0000000100000000)
  region size 1024K, 78 young (79872K), 1 survivors (1024K)
 Metaspace       used 2320K, capacity 5125K, committed 5376K, reserved 1056768K
  class space    used 237K, capacity 489K, committed 512K, reserved 1048576K
}
Event: 1,717 GC heap after
{Heap after GC invocations=12 (full 0):
 garbage-first heap   total 133120K, used 1607K [0x00000000e0c00000, 0x0000000100000000)
  region size 1024K, 1 young (1024K), 1 survivors (1024K)
 Metaspace       used 2320K, capacity 5125K, committed 5376K, reserved 1056768K
  class space    used 237K, capacity 489K, committed 512K, reserved 1048576K
}
Event: 1,801 GC heap before
{Heap before GC invocations=12 (full 0):
 garbage-first heap   total 133120K, used 80455K [0x00000000e0c00000, 0x0000000100000000)
  region size 1024K, 78 young (79872K), 1 survivors (1024K)
 Metaspace       used 2320K, capacity 5125K, committed 5376K, reserved 1056768K
  class space    used 237K, capacity 489K, committed 512K, reserved 1048576K
}

Deoptimization events (20 events):
Event: 0,781 Thread 0x00007fb7d8016800 DEOPT PACKING pc=0x00007fb7c83fb8a8 sp=0x00007fb7e03b6160
Event: 0,781 Thread 0x00007fb7d8016800 DEOPT UNPACKING pc=0x00007fb7c09359a5 sp=0x00007fb7e03b5f68 mode 2
Event: 0,992 Thread 0x00007fb7d8016800 Uncommon trap: trap_request=0xffffffde fr.pc=0x00007fb7c83f7e5c relative=0x000000000000003c
Event: 0,992 Thread 0x00007fb7d8016800 Uncommon trap: reason=class_check action=maybe_recompile pc=0x00007fb7c83f7e5c method=java.util.stream.StreamOpFlag.fromCharacteristics(Ljava/util/Spliterator;)I @ 1 c2
Event: 0,992 Thread 0x00007fb7d8016800 DEOPT PACKING pc=0x00007fb7c83f7e5c sp=0x00007fb7e03b6700
Event: 0,992 Thread 0x00007fb7d8016800 DEOPT UNPACKING pc=0x00007fb7c09359a5 sp=0x00007fb7e03b66b8 mode 2
Event: 0,992 Thread 0x00007fb7d8016800 Uncommon trap: trap_request=0xffffffde fr.pc=0x00007fb7c83f9f68 relative=0x00000000000004c8
Event: 0,992 Thread 0x00007fb7d8016800 Uncommon trap: reason=class_check action=maybe_recompile pc=0x00007fb7c83f9f68 method=java.util.stream.AbstractPipeline.copyInto(Ljava/util/stream/Sink;Ljava/util/Spliterator;)V @ 20 c2
Event: 0,992 Thread 0x00007fb7d8016800 DEOPT PACKING pc=0x00007fb7c83f9f68 sp=0x00007fb7e03b66b0
Event: 0,992 Thread 0x00007fb7d8016800 DEOPT UNPACKING pc=0x00007fb7c09359a5 sp=0x00007fb7e03b6600 mode 2
Event: 0,992 Thread 0x00007fb7d8016800 Uncommon trap: trap_request=0xffffffde fr.pc=0x00007fb7c83f551c relative=0x000000000000007c
Event: 0,992 Thread 0x00007fb7d8016800 Uncommon trap: reason=class_check action=maybe_recompile pc=0x00007fb7c83f551c method=java.util.Spliterator.getExactSizeIfKnown()J @ 1 c2
Event: 0,992 Thread 0x00007fb7d8016800 DEOPT PACKING pc=0x00007fb7c83f551c sp=0x00007fb7e03b65d0
Event: 0,992 Thread 0x00007fb7d8016800 DEOPT UNPACKING pc=0x00007fb7c09359a5 sp=0x00007fb7e03b6590 mode 2
Event: 0,992 Thread 0x00007fb7d8016800 Uncommon trap: trap_request=0xffffffde fr.pc=0x00007fb7c8400b8c relative=0x000000000000006c
Event: 0,992 Thread 0x00007fb7d8016800 Uncommon trap: reason=class_check action=maybe_recompile pc=0x00007fb7c8400b8c method=java.util.stream.Sink$ChainedReference.end()V @ 4 c2
Event: 0,992 Thread 0x00007fb7d8016800 DEOPT PACKING pc=0x00007fb7c8400b8c sp=0x00007fb7e03b65f0
Event: 0,992 Thread 0x00007fb7d8016800 DEOPT UNPACKING pc=0x00007fb7c09359a5 sp=0x00007fb7e03b65a0 mode 2
Event: 1,014 Thread 0x00007fb7d8016800 DEOPT PACKING pc=0x00007fb7c0fa23c8 sp=0x00007fb7e03b65e0
Event: 1,014 Thread 0x00007fb7d8016800 DEOPT UNPACKING pc=0x00007fb7c09357ba sp=0x00007fb7e03b5ab8 mode 0

Classes redefined (0 events):
No events

Internal exceptions (10 events):
Event: 0,067 Thread 0x00007fb7d8016800 Exception <a 'java/security/PrivilegedActionException'{0x00000000e2b78de8}> (0x00000000e2b78de8) thrown at [./src/hotspot/share/prims/jvm.cpp, line 1297]
Event: 0,067 Thread 0x00007fb7d8016800 Exception <a 'java/security/PrivilegedActionException'{0x00000000e2b790b8}> (0x00000000e2b790b8) thrown at [./src/hotspot/share/prims/jvm.cpp, line 1297]
Event: 0,107 Thread 0x00007fb7d8016800 Exception <a 'java/lang/NoSuchMethodError'{0x00000000e2a07d18}: 'int java.lang.invoke.DirectMethodHandle$Holder.invokeSpecialIFC(java.lang.Object, java.lang.Object, int)'> (0x00000000e2a07d18) thrown at [./src/hotspot/share/interpreter/linkResolver.cpp, line 773]
Event: 0,158 Thread 0x00007fb7d8016800 Exception <a 'java/lang/NoSuchMethodError'{0x00000000e2a2bfe8}: 'java.lang.Object java.lang.invoke.DirectMethodHandle$Holder.invokeStaticInit(java.lang.Object, java.lang.Object, long, java.lang.Object)'> (0x00000000e2a2bfe8) thrown at [./src/hotspot/share/interpreter/linkResolver.cpp, line 773]
Event: 0,160 Thread 0x00007fb7d8016800 Exception <a 'java/lang/NoSuchMethodError'{0x00000000e2a37e98}: 'java.lang.Object java.lang.invoke.Invokers$Holder.linkToTargetMethod(java.lang.Object, long, java.lang.Object)'> (0x00000000e2a37e98) thrown at [./src/hotspot/share/interpreter/linkResolver.cpp, line 773]
Event: 0,164 Thread 0x00007fb7d8016800 Exception <a 'java/lang/NoSuchMethodError'{0x00000000e2a41f28}: 'java.lang.Object java.lang.invoke.DirectMethodHandle$Holder.invokeStatic(java.lang.Object, java.lang.Object, java.lang.Object, int)'> (0x00000000e2a41f28) thrown at [./src/hotspot/share/interpreter/linkResolver.cpp, line 773]
Event: 0,165 Thread 0x00007fb7d8016800 Exception <a 'java/lang/NoSuchMethodError'{0x00000000e2a48a58}: 'java.lang.Object java.lang.invoke.Invokers$Holder.linkToTargetMethod(java.lang.Object, java.lang.Object, int, java.lang.Object)'> (0x00000000e2a48a58) thrown at [./src/hotspot/share/interpreter/linkResolver.cpp, line 773]
Event: 0,322 Thread 0x00007fb7d8016800 Exception <a 'java/lang/NoSuchMethodError'{0x00000000e2849ff0}: 'java.lang.Object java.lang.invoke.Invokers$Holder.linkToTargetMethod(java.lang.Object, int, java.lang.Object)'> (0x00000000e2849ff0) thrown at [./src/hotspot/share/interpreter/linkResolver.cpp, line 773]
Event: 0,334 Thread 0x00007fb7d8016800 Exception <a 'java/lang/NoSuchMethodError'{0x00000000e287a408}: 'int java.lang.invoke.DirectMethodHandle$Holder.invokeVirtual(java.lang.Object, java.lang.Object, java.lang.Object)'> (0x00000000e287a408) thrown at [./src/hotspot/share/interpreter/linkResolver.cpp, line 773]
Event: 0,336 Thread 0x00007fb7d8016800 Exception <a 'java/lang/NoSuchMethodError'{0x00000000e2886580}: 'int java.lang.invoke.DirectMethodHandle$Holder.invokeSpecial(java.lang.Object, java.lang.Object, java.lang.Object, java.lang.Object)'> (0x00000000e2886580) thrown at [./src/hotspot/share/interpreter/linkResolver.cpp, line 773]

Events (20 events):
Event: 0,693 loading class jdk/internal/math/FloatingDecimal$PreparedASCIIToBinaryBuffer done
Event: 0,693 loading class jdk/internal/math/FDBigInteger
Event: 0,694 loading class jdk/internal/math/FDBigInteger done
Event: 0,696 loading class jdk/internal/math/FormattedFloatingDecimal$2
Event: 0,696 loading class jdk/internal/math/FormattedFloatingDecimal$2 done
Event: 0,814 Executing VM operation: G1CollectForAllocation
Event: 0,839 Executing VM operation: G1CollectForAllocation done
Event: 0,885 Executing VM operation: G1CollectForAllocation
Event: 0,896 Executing VM operation: G1CollectForAllocation done
Event: 0,953 Executing VM operation: G1CollectForAllocation
Event: 0,972 Executing VM operation: G1CollectForAllocation done
Event: 1,051 Executing VM operation: G1CollectForAllocation
Event: 1,061 Executing VM operation: G1CollectForAllocation done
Event: 1,176 Executing VM operation: G1CollectForAllocation
Event: 1,271 Executing VM operation: G1CollectForAllocation done
Event: 1,356 Executing VM operation: G1CollectForAllocation
Event: 1,493 Executing VM operation: G1CollectForAllocation done
Event: 1,688 Executing VM operation: G1CollectForAllocation
Event: 1,717 Executing VM operation: G1CollectForAllocation done
Event: 1,801 Executing VM operation: G1CollectForAllocation


Dynamic libraries:
e0c00000-e8c00000 rw-p 00000000 00:00 0 
f1300000-ffe00000 ---p 00000000 00:00 0 
ffe00000-ffe47000 rw-p 0110b000 08:01 524352                             /usr/lib/jvm/java-11-openjdk-amd64/lib/server/classes.jsa
ffe47000-fff00000 rw-p 00000000 00:00 0 
fff00000-fff6a000 rw-p 010a1000 08:01 524352                             /usr/lib/jvm/java-11-openjdk-amd64/lib/server/classes.jsa
fff6a000-100000000 rw-p 00000000 00:00 0 
800000000-800002000 rwxp 00001000 08:01 524352                           /usr/lib/jvm/java-11-openjdk-amd64/lib/server/classes.jsa
800002000-8003b8000 rw-p 00003000 08:01 524352                           /usr/lib/jvm/java-11-openjdk-amd64/lib/server/classes.jsa
8003b8000-800a93000 r--p 003b9000 08:01 524352                           /usr/lib/jvm/java-11-openjdk-amd64/lib/server/classes.jsa
800a93000-800a94000 rw-p 00a94000 08:01 524352                           /usr/lib/jvm/java-11-openjdk-amd64/lib/server/classes.jsa
800a94000-8010a0000 r--p 00a95000 08:01 524352                           /usr/lib/jvm/java-11-openjdk-amd64/lib/server/classes.jsa
840000000-840080000 rw-p 00000000 00:00 0 
840080000-880000000 ---p 00000000 00:00 0 
55e401917000-55e401918000 r-xp 00000000 08:01 135634                     /usr/lib/jvm/java-11-openjdk-amd64/bin/java
55e401b18000-55e401b19000 r--p 00001000 08:01 135634                     /usr/lib/jvm/java-11-openjdk-amd64/bin/java
55e401b19000-55e401b1a000 rw-p 00002000 08:01 135634                     /usr/lib/jvm/java-11-openjdk-amd64/bin/java
55e4038b8000-55e4038d9000 rw-p 00000000 00:00 0                          [heap]
7fb77c000000-7fb77c021000 rw-p 00000000 00:00 0 
7fb77c021000-7fb780000000 ---p 00000000 00:00 0 
7fb784000000-7fb784021000 rw-p 00000000 00:00 0 
7fb784021000-7fb788000000 ---p 00000000 00:00 0 
7fb788000000-7fb788021000 rw-p 00000000 00:00 0 
7fb788021000-7fb78c000000 ---p 00000000 00:00 0 
7fb78c000000-7fb78c816000 rw-p 00000000 00:00 0 
7fb78c816000-7fb790000000 ---p 00000000 00:00 0 
7fb790000000-7fb790163000 rw-p 00000000 00:00 0 
7fb790163000-7fb794000000 ---p 00000000 00:00 0 
7fb794000000-7fb794021000 rw-p 00000000 00:00 0 
7fb794021000-7fb798000000 ---p 00000000 00:00 0 
7fb79af04000-7fb79af05000 ---p 00000000 00:00 0 
7fb79af05000-7fb79b006000 rw-p 00000000 00:00 0 
7fb79b006000-7fb79b01c000 r-xp 00000000 08:01 137714                     /usr/lib/jvm/java-11-openjdk-amd64/lib/libnet.so
7fb79b01c000-7fb79b21b000 ---p 00016000 08:01 137714                     /usr/lib/jvm/java-11-openjdk-amd64/lib/libnet.so
7fb79b21b000-7fb79b21c000 r--p 00015000 08:01 137714                     /usr/lib/jvm/java-11-openjdk-amd64/lib/libnet.so
7fb79b21c000-7fb79b21d000 rw-p 00016000 08:01 137714                     /usr/lib/jvm/java-11-openjdk-amd64/lib/libnet.so
7fb79b21d000-7fb79b22d000 r-xp 00000000 08:01 137715                     /usr/lib/jvm/java-11-openjdk-amd64/lib/libnio.so
7fb79b22d000-7fb79b42c000 ---p 00010000 08:01 137715                     /usr/lib/jvm/java-11-openjdk-amd64/lib/libnio.so
7fb79b42c000-7fb79b42d000 r--p 0000f000 08:01 137715                     /usr/lib/jvm/java-11-openjdk-amd64/lib/libnio.so
7fb79b42d000-7fb79b42e000 rw-p 00010000 08:01 137715                     /usr/lib/jvm/java-11-openjdk-amd64/lib/libnio.so
7fb79b42e000-7fb79b432000 ---p 00000000 00:00 0 
7fb79b432000-7fb79b52f000 rw-p 00000000 00:00 0 
7fb79b52f000-7fb79b530000 ---p 00000000 00:00 0 
7fb79b530000-7fb79b631000 rw-p 00000000 00:00 0 
7fb79b631000-7fb79c000000 r--p 00000000 08:01 793198                     /usr/lib/locale/locale-archive
7fb79c000000-7fb79c021000 rw-p 00000000 00:00 0 
7fb79c021000-7fb7a0000000 ---p 00000000 00:00 0 
7fb7a0000000-7fb7a0021000 rw-p 00000000 00:00 0 
7fb7a0021000-7fb7a4000000 ---p 00000000 00:00 0 
7fb7a4000000-7fb7a4021000 rw-p 00000000 00:00 0 
7fb7a4021000-7fb7a8000000 ---p 00000000 00:00 0 
7fb7a8000000-7fb7a8058000 rw-p 00000000 00:00 0 
7fb7a8058000-7fb7ac000000 ---p 00000000 00:00 0 
7fb7ac000000-7fb7ac021000 rw-p 00000000 00:00 0 
7fb7ac021000-7fb7b0000000 ---p 00000000 00:00 0 
7fb7b0000000-7fb7b0021000 rw-p 00000000 00:00 0 
7fb7b0021000-7fb7b4000000 ---p 00000000 00:00 0 
7fb7b4000000-7fb7b4021000 rw-p 00000000 00:00 0 
7fb7b4021000-7fb7b8000000 ---p 00000000 00:00 0 
7fb7b8004000-7fb7b8008000 ---p 00000000 00:00 0 
7fb7b8008000-7fb7b8057000 rw-p 00000000 00:00 0 
7fb7b8057000-7fb7b805b000 ---p 00000000 00:00 0 
7fb7b805b000-7fb7b8158000 rw-p 00000000 00:00 0 
7fb7b8158000-7fb7b815c000 ---p 00000000 00:00 0 
7fb7b815c000-7fb7b8259000 rw-p 00000000 00:00 0 
7fb7b8259000-7fb7b825d000 ---p 00000000 00:00 0 
7fb7b825d000-7fb7b835a000 rw-p 00000000 00:00 0 
7fb7b835a000-7fb7b835e000 ---p 00000000 00:00 0 
7fb7b835e000-7fb7b845b000 rw-p 00000000 00:00 0 
7fb7b845b000-7fb7b845f000 ---p 00000000 00:00 0 
7fb7b845f000-7fb7b855c000 rw-p 00000000 00:00 0 
7fb7b855c000-7fb7b8560000 ---p 00000000 00:00 0 
7fb7b8560000-7fb7b865d000 rw-p 00000000 00:00 0 
7fb7b865d000-7fb7b8661000 ---p 00000000 00:00 0 
7fb7b8661000-7fb7b875e000 rw-p 00000000 00:00 0 
7fb7b875e000-7fb7b875f000 ---p 00000000 00:00 0 
7fb7b875f000-7fb7b8d20000 rw-p 00000000 00:00 0 
7fb7b8d20000-7fb7b9060000 ---p 00000000 00:00 0 
7fb7b9060000-7fb7bb260000 rw-p 00000000 00:00 0 
7fb7bb260000-7fb7bb828000 ---p 00000000 00:00 0 
7fb7bb828000-7fb7bba30000 rw-p 00000000 00:00 0 
7fb7bba30000-7fb7bbff8000 ---p 00000000 00:00 0 
7fb7bbff8000-7fb7bc000000 rw-p 00000000 00:00 0 
7fb7bc000000-7fb7bc021000 rw-p 00000000 00:00 0 
7fb7bc021000-7fb7c0000000 ---p 00000000 00:00 0 
7fb7c0015000-7fb7c0016000 ---p 00000000 00:00 0 
7fb7c0016000-7fb7c0117000 rw-p 00000000 00:00 0 
7fb7c0117000-7fb7c0118000 ---p 00000000 00:00 0 
7fb7c0118000-7fb7c041b000 rw-p 00000000 00:00 0 
7fb7c041b000-7fb7c041c000 ---p 00000000 00:00 0 
7fb7c041c000-7fb7c051d000 rw-p 00000000 00:00 0 
7fb7c051d000-7fb7c051e000 ---p 00000000 00:00 0 
7fb7c051e000-7fb7c065f000 rw-p 00000000 00:00 0 
7fb7c065f000-7fb7c0718000 ---p 00000000 00:00 0 
7fb7c0718000-7fb7c0759000 rw-p 00000000 00:00 0 
7fb7c0759000-7fb7c0812000 ---p 00000000 00:00 0 
7fb7c0812000-7fb7c0853000 rw-p 00000000 00:00 0 
7fb7c0853000-7fb7c090c000 ---p 00000000 00:00 0 
7fb7c090c000-7fb7c090d000 rw-p 00000000 00:00 0 
7fb7c090d000-7fb7c0b7d000 rwxp 00000000 00:00 0 
7fb7c0b7d000-7fb7c0e9c000 ---p 00000000 00:00 0 
7fb7c0e9c000-7fb7c110c000 rwxp 00000000 00:00 0 
7fb7c110c000-7fb7c83d4000 ---p 00000000 00:00 0 
7fb7c83d4000-7fb7c8644000 rwxp 00000000 00:00 0 
7fb7c8644000-7fb7cf90d000 ---p 00000000 00:00 0 
7fb7cf90d000-7fb7d8000000 r--s 00000000 08:01 138105                     /usr/lib/jvm/java-11-openjdk-amd64/lib/modules
7fb7d8000000-7fb7d81a9000 rw-p 00000000 00:00 0 
7fb7d81a9000-7fb7dc000000 ---p 00000000 00:00 0 
7fb7dc010000-7fb7dc293000 rw-p 00000000 00:00 0 
7fb7dc293000-7fb7dc294000 ---p 00000000 00:00 0 
7fb7dc294000-7fb7dc39a000 rw-p 00000000 00:00 0 
7fb7dc39a000-7fb7dc480000 ---p 00000000 00:00 0 
7fb7dc480000-7fb7dc485000 rw-p 00000000 00:00 0 
7fb7dc485000-7fb7dc56b000 ---p 00000000 00:00 0 
7fb7dc56b000-7fb7dc570000 r-xp 00000000 08:01 137219                     /usr/lib/jvm/java-11-openjdk-amd64/lib/libjimage.so
7fb7dc570000-7fb7dc76f000 ---p 00005000 08:01 137219                     /usr/lib/jvm/java-11-openjdk-amd64/lib/libjimage.so
7fb7dc76f000-7fb7dc770000 r--p 00004000 08:01 137219                     /usr/lib/jvm/java-11-openjdk-amd64/lib/libjimage.so
7fb7dc770000-7fb7dc771000 rw-p 00005000 08:01 137219                     /usr/lib/jvm/java-11-openjdk-amd64/lib/libjimage.so
7fb7dc771000-7fb7dc778000 r-xp 00000000 08:01 138101                     /usr/lib/jvm/java-11-openjdk-amd64/lib/libzip.so
7fb7dc778000-7fb7dc977000 ---p 00007000 08:01 138101                     /usr/lib/jvm/java-11-openjdk-amd64/lib/libzip.so
7fb7dc977000-7fb7dc978000 r--p 00006000 08:01 138101                     /usr/lib/jvm/java-11-openjdk-amd64/lib/libzip.so
7fb7dc978000-7fb7dc979000 rw-p 00007000 08:01 138101                     /usr/lib/jvm/java-11-openjdk-amd64/lib/libzip.so
7fb7dc979000-7fb7dc984000 r-xp 00000000 08:01 399726                     /lib/x86_64-linux-gnu/libnss_files-2.27.so
7fb7dc984000-7fb7dcb83000 ---p 0000b000 08:01 399726                     /lib/x86_64-linux-gnu/libnss_files-2.27.so
7fb7dcb83000-7fb7dcb84000 r--p 0000a000 08:01 399726                     /lib/x86_64-linux-gnu/libnss_files-2.27.so
7fb7dcb84000-7fb7dcb85000 rw-p 0000b000 08:01 399726                     /lib/x86_64-linux-gnu/libnss_files-2.27.so
7fb7dcb85000-7fb7dcb8b000 rw-p 00000000 00:00 0 
7fb7dcb8b000-7fb7dcba2000 r-xp 00000000 08:01 399720                     /lib/x86_64-linux-gnu/libnsl-2.27.so
7fb7dcba2000-7fb7dcda1000 ---p 00017000 08:01 399720                     /lib/x86_64-linux-gnu/libnsl-2.27.so
7fb7dcda1000-7fb7dcda2000 r--p 00016000 08:01 399720                     /lib/x86_64-linux-gnu/libnsl-2.27.so
7fb7dcda2000-7fb7dcda3000 rw-p 00017000 08:01 399720                     /lib/x86_64-linux-gnu/libnsl-2.27.so
7fb7dcda3000-7fb7dcda5000 rw-p 00000000 00:00 0 
7fb7dcda5000-7fb7dcdb0000 r-xp 00000000 08:01 399737                     /lib/x86_64-linux-gnu/libnss_nis-2.27.so
7fb7dcdb0000-7fb7dcfaf000 ---p 0000b000 08:01 399737                     /lib/x86_64-linux-gnu/libnss_nis-2.27.so
7fb7dcfaf000-7fb7dcfb0000 r--p 0000a000 08:01 399737                     /lib/x86_64-linux-gnu/libnss_nis-2.27.so
7fb7dcfb0000-7fb7dcfb1000 rw-p 0000b000 08:01 399737                     /lib/x86_64-linux-gnu/libnss_nis-2.27.so
7fb7dcfb1000-7fb7dcfb9000 r-xp 00000000 08:01 399722                     /lib/x86_64-linux-gnu/libnss_compat-2.27.so
7fb7dcfb9000-7fb7dd1b9000 ---p 00008000 08:01 399722                     /lib/x86_64-linux-gnu/libnss_compat-2.27.so
7fb7dd1b9000-7fb7dd1ba000 r--p 00008000 08:01 399722                     /lib/x86_64-linux-gnu/libnss_compat-2.27.so
7fb7dd1ba000-7fb7dd1bb000 rw-p 00009000 08:01 399722                     /lib/x86_64-linux-gnu/libnss_compat-2.27.so
7fb7dd1bb000-7fb7dd1e4000 r-xp 00000000 08:01 137196                     /usr/lib/jvm/java-11-openjdk-amd64/lib/libjava.so
7fb7dd1e4000-7fb7dd3e3000 ---p 00029000 08:01 137196                     /usr/lib/jvm/java-11-openjdk-amd64/lib/libjava.so
7fb7dd3e3000-7fb7dd3e4000 r--p 00028000 08:01 137196                     /usr/lib/jvm/java-11-openjdk-amd64/lib/libjava.so
7fb7dd3e4000-7fb7dd3e6000 rw-p 00029000 08:01 137196                     /usr/lib/jvm/java-11-openjdk-amd64/lib/libjava.so
7fb7dd3e6000-7fb7dd3f3000 r-xp 00000000 08:01 138094                     /usr/lib/jvm/java-11-openjdk-amd64/lib/libverify.so
7fb7dd3f3000-7fb7dd5f2000 ---p 0000d000 08:01 138094                     /usr/lib/jvm/java-11-openjdk-amd64/lib/libverify.so
7fb7dd5f2000-7fb7dd5f4000 r--p 0000c000 08:01 138094                     /usr/lib/jvm/java-11-openjdk-amd64/lib/libverify.so
7fb7dd5f4000-7fb7dd5f5000 rw-p 0000e000 08:01 138094                     /usr/lib/jvm/java-11-openjdk-amd64/lib/libverify.so
7fb7dd5f5000-7fb7dd5fc000 r-xp 00000000 08:01 399777                     /lib/x86_64-linux-gnu/librt-2.27.so
7fb7dd5fc000-7fb7dd7fb000 ---p 00007000 08:01 399777                     /lib/x86_64-linux-gnu/librt-2.27.so
7fb7dd7fb000-7fb7dd7fc000 r--p 00006000 08:01 399777                     /lib/x86_64-linux-gnu/librt-2.27.so
7fb7dd7fc000-7fb7dd7fd000 rw-p 00007000 08:01 399777                     /lib/x86_64-linux-gnu/librt-2.27.so
7fb7dd7fd000-7fb7dd814000 r-xp 00000000 08:01 395584                     /lib/x86_64-linux-gnu/libgcc_s.so.1
7fb7dd814000-7fb7dda13000 ---p 00017000 08:01 395584                     /lib/x86_64-linux-gnu/libgcc_s.so.1
7fb7dda13000-7fb7dda14000 r--p 00016000 08:01 395584                     /lib/x86_64-linux-gnu/libgcc_s.so.1
7fb7dda14000-7fb7dda15000 rw-p 00017000 08:01 395584                     /lib/x86_64-linux-gnu/libgcc_s.so.1
7fb7dda15000-7fb7ddbb2000 r-xp 00000000 08:01 399699                     /lib/x86_64-linux-gnu/libm-2.27.so
7fb7ddbb2000-7fb7dddb1000 ---p 0019d000 08:01 399699                     /lib/x86_64-linux-gnu/libm-2.27.so
7fb7dddb1000-7fb7dddb2000 r--p 0019c000 08:01 399699                     /lib/x86_64-linux-gnu/libm-2.27.so
7fb7dddb2000-7fb7dddb3000 rw-p 0019d000 08:01 399699                     /lib/x86_64-linux-gnu/libm-2.27.so
7fb7dddb3000-7fb7ddf2c000 r-xp 00000000 08:01 789353                     /usr/lib/x86_64-linux-gnu/libstdc++.so.6.0.25
7fb7ddf2c000-7fb7de12c000 ---p 00179000 08:01 789353                     /usr/lib/x86_64-linux-gnu/libstdc++.so.6.0.25
7fb7de12c000-7fb7de136000 r--p 00179000 08:01 789353                     /usr/lib/x86_64-linux-gnu/libstdc++.so.6.0.25
7fb7de136000-7fb7de138000 rw-p 00183000 08:01 789353                     /usr/lib/x86_64-linux-gnu/libstdc++.so.6.0.25
7fb7de138000-7fb7de13c000 rw-p 00000000 00:00 0 
7fb7de13c000-7fb7df219000 r-xp 00000000 08:01 542146                     /usr/lib/jvm/java-11-openjdk-amd64/lib/server/libjvm.so
7fb7df219000-7fb7df418000 ---p 010dd000 08:01 542146                     /usr/lib/jvm/java-11-openjdk-amd64/lib/server/libjvm.so
7fb7df418000-7fb7df4d5000 r--p 010dc000 08:01 542146                     /usr/lib/jvm/java-11-openjdk-amd64/lib/server/libjvm.so
7fb7df4d5000-7fb7df50f000 rw-p 01199000 08:01 542146                     /usr/lib/jvm/java-11-openjdk-amd64/lib/server/libjvm.so
7fb7df50f000-7fb7df565000 rw-p 00000000 00:00 0 
7fb7df565000-7fb7df57f000 r-xp 00000000 08:01 399769                     /lib/x86_64-linux-gnu/libpthread-2.27.so
7fb7df57f000-7fb7df77e000 ---p 0001a000 08:01 399769                     /lib/x86_64-linux-gnu/libpthread-2.27.so
7fb7df77e000-7fb7df77f000 r--p 00019000 08:01 399769                     /lib/x86_64-linux-gnu/libpthread-2.27.so
7fb7df77f000-7fb7df780000 rw-p 0001a000 08:01 399769                     /lib/x86_64-linux-gnu/libpthread-2.27.so
7fb7df780000-7fb7df784000 rw-p 00000000 00:00 0 
7fb7df784000-7fb7df787000 r-xp 00000000 08:01 399659                     /lib/x86_64-linux-gnu/libdl-2.27.so
7fb7df787000-7fb7df986000 ---p 00003000 08:01 399659                     /lib/x86_64-linux-gnu/libdl-2.27.so
7fb7df986000-7fb7df987000 r--p 00002000 08:01 399659                     /lib/x86_64-linux-gnu/libdl-2.27.so
7fb7df987000-7fb7df988000 rw-p 00003000 08:01 399659                     /lib/x86_64-linux-gnu/libdl-2.27.so
7fb7df988000-7fb7df9a4000 r-xp 00000000 08:01 399808                     /lib/x86_64-linux-gnu/libz.so.1.2.11
7fb7df9a4000-7fb7dfba3000 ---p 0001c000 08:01 399808                     /lib/x86_64-linux-gnu/libz.so.1.2.11
7fb7dfba3000-7fb7dfba4000 r--p 0001b000 08:01 399808                     /lib/x86_64-linux-gnu/libz.so.1.2.11
7fb7dfba4000-7fb7dfba5000 rw-p 0001c000 08:01 399808                     /lib/x86_64-linux-gnu/libz.so.1.2.11
7fb7dfba5000-7fb7dfd8c000 r-xp 00000000 08:01 399636                     /lib/x86_64-linux-gnu/libc-2.27.so
7fb7dfd8c000-7fb7dff8c000 ---p 001e7000 08:01 399636                     /lib/x86_64-linux-gnu/libc-2.27.so
7fb7dff8c000-7fb7dff90000 r--p 001e7000 08:01 399636                     /lib/x86_64-linux-gnu/libc-2.27.so
7fb7dff90000-7fb7dff92000 rw-p 001eb000 08:01 399636                     /lib/x86_64-linux-gnu/libc-2.27.so
7fb7dff92000-7fb7dff96000 rw-p 00000000 00:00 0 
7fb7dff96000-7fb7dffa6000 r-xp 00000000 08:01 542143                     /usr/lib/jvm/java-11-openjdk-amd64/lib/jli/libjli.so
7fb7dffa6000-7fb7e01a5000 ---p 00010000 08:01 542143                     /usr/lib/jvm/java-11-openjdk-amd64/lib/jli/libjli.so
7fb7e01a5000-7fb7e01a6000 r--p 0000f000 08:01 542143                     /usr/lib/jvm/java-11-openjdk-amd64/lib/jli/libjli.so
7fb7e01a6000-7fb7e01a7000 rw-p 00010000 08:01 542143                     /usr/lib/jvm/java-11-openjdk-amd64/lib/jli/libjli.so
7fb7e01a7000-7fb7e01ce000 r-xp 00000000 08:01 399608                     /lib/x86_64-linux-gnu/ld-2.27.so
7fb7e01d5000-7fb7e02b0000 rw-p 00000000 00:00 0 
7fb7e02b0000-7fb7e02b7000 ---p 00000000 00:00 0 
7fb7e02b7000-7fb7e02bb000 ---p 00000000 00:00 0 
7fb7e02bb000-7fb7e03ba000 rw-p 00000000 00:00 0 
7fb7e03c0000-7fb7e03c2000 r--s 00007000 08:01 285666                     /usr/share/java/java-atk-wrapper.jar
7fb7e03c2000-7fb7e03ca000 rw-s 00000000 08:01 661285                     /tmp/hsperfdata_ubuntu/4730
7fb7e03ca000-7fb7e03cb000 ---p 00000000 00:00 0 
7fb7e03cb000-7fb7e03cc000 r--p 00000000 00:00 0 
7fb7e03cc000-7fb7e03ce000 rw-p 00000000 00:00 0 
7fb7e03ce000-7fb7e03cf000 r--p 00027000 08:01 399608                     /lib/x86_64-linux-gnu/ld-2.27.so
7fb7e03cf000-7fb7e03d0000 rw-p 00028000 08:01 399608                     /lib/x86_64-linux-gnu/ld-2.27.so
7fb7e03d0000-7fb7e03d1000 rw-p 00000000 00:00 0 
7ffd31f95000-7ffd31fb7000 rw-p 00000000 00:00 0                          [stack]
7ffd31fc8000-7ffd31fcb000 r--p 00000000 00:00 0                          [vvar]
7ffd31fcb000-7ffd31fcd000 r-xp 00000000 00:00 0                          [vdso]
ffffffffff600000-ffffffffff601000 r-xp 00000000 00:00 0                  [vsyscall]


VM Arguments:
jvm_args: -Dfile.encoding=UTF-8 -Duser.country=FR -Duser.language=fr -Duser.variant 
java_command: jobshop.Main --solver tabou --instance la04 ft06 ft10
java_class_path (initial): /home/ubuntu/Bureau/template-jobshop-master/build/classes/java/main:/home/ubuntu/Bureau/template-jobshop-master/build/resources/main:/home/ubuntu/.gradle/caches/modules-2/files-2.1/net.sourceforge.argparse4j/argparse4j/0.8.1/2c8241f84acf6c924bd75be0dbd68e8d74fbcd70/argparse4j-0.8.1.jar
Launcher Type: SUN_STANDARD

[Global flags]
     intx CICompilerCount                          = 2                                         {product} {ergonomic}
     uint ConcGCThreads                            = 1                                         {product} {ergonomic}
     uint G1ConcRefinementThreads                  = 2                                         {product} {ergonomic}
   size_t G1HeapRegionSize                         = 1048576                                   {product} {ergonomic}
    uintx GCDrainStackTargetSize                   = 64                                        {product} {ergonomic}
   size_t InitialHeapSize                          = 33554432                                  {product} {ergonomic}
   size_t MarkStackSize                            = 4194304                                   {product} {ergonomic}
   size_t MaxHeapSize                              = 524288000                                 {product} {ergonomic}
   size_t MaxNewSize                               = 314572800                                 {product} {ergonomic}
   size_t MinHeapDeltaBytes                        = 1048576                                   {product} {ergonomic}
    uintx NonNMethodCodeHeapSize                   = 5825164                                {pd product} {ergonomic}
    uintx NonProfiledCodeHeapSize                  = 122916538                              {pd product} {ergonomic}
    uintx ProfiledCodeHeapSize                     = 122916538                              {pd product} {ergonomic}
    uintx ReservedCodeCacheSize                    = 251658240                              {pd product} {ergonomic}
     bool SegmentedCodeCache                       = true                                      {product} {ergonomic}
     bool UseCompressedClassPointers               = true                                 {lp64_product} {ergonomic}
     bool UseCompressedOops                        = true                                 {lp64_product} {ergonomic}
     bool UseG1GC                                  = true                                      {product} {ergonomic}

Logging:
Log output configuration:
 #0: stdout all=warning uptime,level,tags
 #1: stderr all=off uptime,level,tags

Environment Variables:
PATH=/usr/local/sbin:/usr/local/bin:/usr/sbin:/usr/bin:/sbin:/bin:/usr/games:/usr/local/games:/snap/bin
USERNAME=ubuntu
SHELL=/bin/bash
DISPLAY=:0

Signal Handlers:
SIGSEGV: [libjvm.so+0xdf8d00], sa_mask[0]=11111111011111111101111111111110, sa_flags=SA_RESTART|SA_SIGINFO
SIGBUS: [libjvm.so+0xdf8d00], sa_mask[0]=11111111011111111101111111111110, sa_flags=SA_RESTART|SA_SIGINFO
SIGFPE: [libjvm.so+0xdf8d00], sa_mask[0]=11111111011111111101111111111110, sa_flags=SA_RESTART|SA_SIGINFO
SIGPIPE: [libjvm.so+0xbcbc30], sa_mask[0]=11111111011111111101111111111110, sa_flags=SA_RESTART|SA_SIGINFO
SIGXFSZ: [libjvm.so+0xbcbc30], sa_mask[0]=11111111011111111101111111111110, sa_flags=SA_RESTART|SA_SIGINFO
SIGILL: [libjvm.so+0xdf8d00], sa_mask[0]=11111111011111111101111111111110, sa_flags=SA_RESTART|SA_SIGINFO
SIGUSR2: [libjvm.so+0xbcbad0], sa_mask[0]=00100000000000000000000000000000, sa_flags=SA_RESTART|SA_SIGINFO
SIGHUP: [libjvm.so+0xbcbe30], sa_mask[0]=11111111011111111101111111111110, sa_flags=SA_RESTART|SA_SIGINFO
SIGINT: [libjvm.so+0xbcbe30], sa_mask[0]=11111111011111111101111111111110, sa_flags=SA_RESTART|SA_SIGINFO
SIGTERM: [libjvm.so+0xbcbe30], sa_mask[0]=11111111011111111101111111111110, sa_flags=SA_RESTART|SA_SIGINFO
SIGQUIT: [libjvm.so+0xbcbe30], sa_mask[0]=11111111011111111101111111111110, sa_flags=SA_RESTART|SA_SIGINFO


---------------  S Y S T E M  ---------------

OS:DISTRIB_ID=Ubuntu
DISTRIB_RELEASE=18.04
DISTRIB_CODENAME=bionic
DISTRIB_DESCRIPTION="Ubuntu 18.04.4 LTS"
uname:Linux 4.15.0-99-generic #100-Ubuntu SMP Wed Apr 22 20:32:56 UTC 2020 x86_64
OS uptime: 0 days 1:08 hours
libc:glibc 2.27 NPTL 2.27 
rlimit: STACK 8192k, CORE 0k, NPROC 7796, NOFILE 1048576, AS infinity, CPU infinity, DATA infinity, FSIZE infinity
load average:1,69 1,83 0,98

/proc/meminfo:
MemTotal:        2040812 kB
MemFree:           67408 kB
MemAvailable:      48372 kB
Buffers:            2624 kB
Cached:            84868 kB
SwapCached:         9868 kB
Active:          1271604 kB
Inactive:         494040 kB
Active(anon):    1240680 kB
Inactive(anon):   438560 kB
Active(file):      30924 kB
Inactive(file):    55480 kB
Unevictable:          16 kB
Mlocked:              16 kB
SwapTotal:        728520 kB
SwapFree:              0 kB
Dirty:                56 kB
Writeback:             0 kB
AnonPages:       1668548 kB
Mapped:            76312 kB
Shmem:              1068 kB
Slab:              63388 kB
SReclaimable:      26092 kB
SUnreclaim:        37296 kB
KernelStack:       10720 kB
PageTables:        46156 kB
NFS_Unstable:          0 kB
Bounce:                0 kB
WritebackTmp:          0 kB
CommitLimit:     1748924 kB
Committed_AS:    6123872 kB
VmallocTotal:   34359738367 kB
VmallocUsed:           0 kB
VmallocChunk:          0 kB
HardwareCorrupted:     0 kB
AnonHugePages:         0 kB
ShmemHugePages:        0 kB
ShmemPmdMapped:        0 kB
CmaTotal:              0 kB
CmaFree:               0 kB
HugePages_Total:       0
HugePages_Free:        0
HugePages_Rsvd:        0
HugePages_Surp:        0
Hugepagesize:       2048 kB
DirectMap4k:      116672 kB
DirectMap2M:     1980416 kB


/proc/sys/kernel/threads-max (system-wide limit on the number of threads):
15593


/proc/sys/vm/max_map_count (maximum number of memory map areas a process may have):
65530


/proc/sys/kernel/pid_max (system-wide limit on number of process identifiers):
32768



container (cgroup) information:
container_type: cgroupv1
cpu_cpuset_cpus: 0-1
cpu_memory_nodes: 0
active_processor_count: 2
cpu_quota: -1
cpu_period: 100000
cpu_shares: -1
memory_limit_in_bytes: -1
memory_and_swap_limit_in_bytes: -2
memory_soft_limit_in_bytes: -1
memory_usage_in_bytes: 1804558336
memory_max_usage_in_bytes: 0

KVM virtualization detected
Steal ticks since vm start: 0
Steal ticks percentage since vm start:  0,000

CPU:total 2 (initial active 2) (2 cores per cpu, 1 threads per core) family 6 model 158 stepping 10, cmov, cx8, fxsr, mmx, sse, sse2, sse3, ssse3, sse4.1, sse4.2, popcnt, avx, avx2, aes, clmul, 3dnowpref, lzcnt, tsc, tscinvbit
CPU Model and flags from /proc/cpuinfo:
model name	: Intel(R) Core(TM) i5-8300H CPU @ 2.30GHz
flags		: fpu vme de pse tsc msr pae mce cx8 apic sep mtrr pge mca cmov pat pse36 clflush mmx fxsr sse sse2 ht syscall nx rdtscp lm constant_tsc rep_good nopl xtopology nonstop_tsc cpuid tsc_known_freq pni pclmulqdq ssse3 cx16 pcid sse4_1 sse4_2 x2apic movbe popcnt aes xsave avx rdrand hypervisor lahf_lm abm 3dnowprefetch invpcid_single pti fsgsbase avx2 invpcid rdseed clflushopt flush_l1d

Memory: 4k page, physical 2040812k(65920k free), swap 728520k(0k free)

vm_info: OpenJDK 64-Bit Server VM (11.0.7+10-post-Ubuntu-2ubuntu218.04) for linux-amd64 JRE (11.0.7+10-post-Ubuntu-2ubuntu218.04), built on Apr 15 2020 21:12:54 by "unknown" with gcc 7.5.0

END.
