#
# There is insufficient memory for the Java Runtime Environment to continue.
# Native memory allocation (mmap) failed to map 157286400 bytes for committing reserved memory.
# Possible reasons:
#   The system is out of physical RAM or swap space
#   The process is running with CompressedOops enabled, and the Java Heap may be blocking the growth of the native heap
# Possible solutions:
#   Reduce memory load on the system
#   Increase physical memory or swap space
#   Check if swap backing store is full
#   Decrease Java heap size (-Xmx/-Xms)
#   Decrease number of Java threads
#   Decrease Java thread stack sizes (-Xss)
#   Set larger code cache with -XX:ReservedCodeCacheSize=
#   JVM is running with Unscaled Compressed Oops mode in which the Java heap is
#     placed in the first 4GB address space. The Java Heap base address is the
#     maximum limit for the native heap growth. Please use -XX:HeapBaseMinAddress
#     to set the Java Heap base and to place the Java Heap above 4GB virtual address.
# This output file may be truncated or incomplete.
#
#  Out of Memory Error (os_linux.cpp:2866), pid=5058, tid=5067
#
# JRE version: OpenJDK Runtime Environment (11.0.7+10) (build 11.0.7+10-post-Ubuntu-2ubuntu218.04)
# Java VM: OpenJDK 64-Bit Server VM (11.0.7+10-post-Ubuntu-2ubuntu218.04, mixed mode, sharing, tiered, compressed oops, g1 gc, linux-amd64)
# Core dump will be written. Default location: Core dumps may be processed with "/usr/share/apport/apport %p %s %c %d %P %E" (or dumping to /home/ubuntu/Bureau/template-jobshop-master/core.5058)
#

---------------  S U M M A R Y ------------

Command Line: -Dfile.encoding=UTF-8 -Duser.country=FR -Duser.language=fr -Duser.variant jobshop.Main --solver tabou --instance la04 ft06 ft10

Host: Intel(R) Core(TM) i5-8300H CPU @ 2.30GHz, 2 cores, 1G, Ubuntu 18.04.4 LTS
Time: Wed May  6 16:40:39 2020 CEST elapsed time: 2 seconds (0d 0h 0m 2s)

---------------  T H R E A D  ---------------

Current thread (0x00007f1388090000):  VMThread "VM Thread" [stack: 0x00007f136137a000,0x00007f136147a000] [id=5067]

Stack: [0x00007f136137a000,0x00007f136147a000],  sp=0x00007f1361477e40,  free space=1015k
Native frames: (J=compiled Java code, A=aot compiled Java code, j=interpreted, Vv=VM code, C=native code)
V  [libjvm.so+0xdf8009]
V  [libjvm.so+0xdf8c9b]
V  [libjvm.so+0x6514e5]
V  [libjvm.so+0xbcfd48]
V  [libjvm.so+0xbc739d]
V  [libjvm.so+0x77034f]
V  [libjvm.so+0x7705be]
V  [libjvm.so+0x77c630]
V  [libjvm.so+0x7f8339]
V  [libjvm.so+0x7f8f92]
V  [libjvm.so+0x7f93f9]
V  [libjvm.so+0x72ea4f]
V  [libjvm.so+0x73374a]
V  [libjvm.so+0xe03291]
V  [libjvm.so+0xdfa8d8]
V  [libjvm.so+0xe00a96]
V  [libjvm.so+0xe00fa0]
V  [libjvm.so+0xe01423]
V  [libjvm.so+0xd85acf]
V  [libjvm.so+0xbd59de]

VM_Operation (0x00007f1390fe93f0): G1CollectForAllocation, mode: safepoint, requested by thread 0x00007f1388016800


---------------  P R O C E S S  ---------------

Threads class SMR info:
_java_thread_list=0x00007f138811e400, length=10, elements={
0x00007f1388016800, 0x00007f1388092800, 0x00007f1388094800, 0x00007f138809a000,
0x00007f138809c800, 0x00007f138809e800, 0x00007f13880a0800, 0x00007f13880d7800,
0x00007f13880dc800, 0x00007f138811c800
}

Java Threads: ( => current thread )
  0x00007f1388016800 JavaThread "main" [_thread_blocked, id=5059, stack(0x00007f1390eea000,0x00007f1390feb000)]
  0x00007f1388092800 JavaThread "Reference Handler" daemon [_thread_blocked, id=5068, stack(0x00007f1361277000,0x00007f1361378000)]
  0x00007f1388094800 JavaThread "Finalizer" daemon [_thread_blocked, id=5069, stack(0x00007f1361176000,0x00007f1361277000)]
  0x00007f138809a000 JavaThread "Signal Dispatcher" daemon [_thread_blocked, id=5070, stack(0x00007f13606a6000,0x00007f13607a7000)]
  0x00007f138809c800 JavaThread "C2 CompilerThread0" daemon [_thread_blocked, id=5071, stack(0x00007f13605a5000,0x00007f13606a6000)]
  0x00007f138809e800 JavaThread "C1 CompilerThread0" daemon [_thread_blocked, id=5072, stack(0x00007f13604a4000,0x00007f13605a5000)]
  0x00007f13880a0800 JavaThread "Sweeper thread" daemon [_thread_blocked, id=5073, stack(0x00007f13603a3000,0x00007f13604a4000)]
  0x00007f13880d7800 JavaThread "Service Thread" daemon [_thread_blocked, id=5074, stack(0x00007f13602a2000,0x00007f13603a3000)]
  0x00007f13880dc800 JavaThread "Common-Cleaner" daemon [_thread_blocked, id=5076, stack(0x00007f136009f000,0x00007f13601a0000)]
  0x00007f138811c800 JavaThread "process reaper" daemon [_thread_blocked, id=5078, stack(0x00007f136007d000,0x00007f136009f000)]

Other Threads:
=>0x00007f1388090000 VMThread "VM Thread" [stack: 0x00007f136137a000,0x00007f136147a000] [id=5067]
  0x00007f13880da000 WatcherThread [stack: 0x00007f13601a2000,0x00007f13602a2000] [id=5075]
  0x00007f138802f000 GCTaskThread "GC Thread#0" [stack: 0x00007f138cec8000,0x00007f138cfc8000] [id=5062]
  0x00007f1358001000 GCTaskThread "GC Thread#1" [stack: 0x00007f1333ad8000,0x00007f1333bd8000] [id=5079]
  0x00007f138803f800 ConcurrentGCThread "G1 Main Marker" [stack: 0x00007f138c106000,0x00007f138c206000] [id=5063]
  0x00007f1388041800 ConcurrentGCThread "G1 Conc#0" [stack: 0x00007f138c004000,0x00007f138c104000] [id=5064]
  0x00007f1388064000 ConcurrentGCThread "G1 Refine#0" [stack: 0x00007f1361dff000,0x00007f1361eff000] [id=5065]
  0x00007f1388066000 ConcurrentGCThread "G1 Young RemSet Sampling" [stack: 0x00007f1361cfd000,0x00007f1361dfd000] [id=5066]

Threads with active compile tasks:

VM state:at safepoint (normal execution)

VM Mutex/Monitor currently owned by a thread:  ([mutex/lock_event])
[0x00007f1388012a40] Threads_lock - owner thread: 0x00007f1388090000
[0x00007f1388013220] Heap_lock - owner thread: 0x00007f1388016800

Heap address: 0x00000000e0c00000, size: 500 MB, Compressed Oops mode: 32-bit
Narrow klass base: 0x0000000800000000, Narrow klass shift: 3
Compressed class space size: 1073741824 Address: 0x0000000840000000

Heap:
 garbage-first heap   total 282624K, used 1683K [0x00000000e0c00000, 0x0000000100000000)
  region size 1024K, 1 young (1024K), 1 survivors (1024K)
 Metaspace       used 2333K, capacity 5123K, committed 5376K, reserved 1056768K
  class space    used 237K, capacity 489K, committed 512K, reserved 1048576K
Heap Regions: E=young(eden), S=young(survivor), O=old, HS=humongous(starts), HC=humongous(continues), CS=collection set, F=free, A=archive, TAMS=top-at-mark-start (previous, next)
|   0|0x00000000e0c00000, 0x00000000e0c00000, 0x00000000e0d00000|  0%| F|  |TAMS 0x00000000e0c00000, 0x00000000e0c00000| Untracked 
|   1|0x00000000e0d00000, 0x00000000e0d00000, 0x00000000e0e00000|  0%| F|  |TAMS 0x00000000e0d00000, 0x00000000e0d00000| Untracked 
|   2|0x00000000e0e00000, 0x00000000e0e00000, 0x00000000e0f00000|  0%| F|  |TAMS 0x00000000e0e00000, 0x00000000e0e00000| Untracked 
|   3|0x00000000e0f00000, 0x00000000e0f00000, 0x00000000e1000000|  0%| F|  |TAMS 0x00000000e0f00000, 0x00000000e0f00000| Untracked 
|   4|0x00000000e1000000, 0x00000000e1000000, 0x00000000e1100000|  0%| F|  |TAMS 0x00000000e1000000, 0x00000000e1000000| Untracked 
|   5|0x00000000e1100000, 0x00000000e1100000, 0x00000000e1200000|  0%| F|  |TAMS 0x00000000e1100000, 0x00000000e1100000| Untracked 
|   6|0x00000000e1200000, 0x00000000e1200000, 0x00000000e1300000|  0%| F|  |TAMS 0x00000000e1200000, 0x00000000e1200000| Untracked 
|   7|0x00000000e1300000, 0x00000000e1300000, 0x00000000e1400000|  0%| F|  |TAMS 0x00000000e1300000, 0x00000000e1300000| Untracked 
|   8|0x00000000e1400000, 0x00000000e1400000, 0x00000000e1500000|  0%| F|  |TAMS 0x00000000e1400000, 0x00000000e1400000| Untracked 
|   9|0x00000000e1500000, 0x00000000e1500000, 0x00000000e1600000|  0%| F|  |TAMS 0x00000000e1500000, 0x00000000e1500000| Untracked 
|  10|0x00000000e1600000, 0x00000000e1600000, 0x00000000e1700000|  0%| F|  |TAMS 0x00000000e1600000, 0x00000000e1600000| Untracked 
|  11|0x00000000e1700000, 0x00000000e1700000, 0x00000000e1800000|  0%| F|  |TAMS 0x00000000e1700000, 0x00000000e1700000| Untracked 
|  12|0x00000000e1800000, 0x00000000e1800000, 0x00000000e1900000|  0%| F|  |TAMS 0x00000000e1800000, 0x00000000e1800000| Untracked 
|  13|0x00000000e1900000, 0x00000000e1900000, 0x00000000e1a00000|  0%| F|  |TAMS 0x00000000e1900000, 0x00000000e1900000| Untracked 
|  14|0x00000000e1a00000, 0x00000000e1a00000, 0x00000000e1b00000|  0%| F|  |TAMS 0x00000000e1a00000, 0x00000000e1a00000| Untracked 
|  15|0x00000000e1b00000, 0x00000000e1b00000, 0x00000000e1c00000|  0%| F|  |TAMS 0x00000000e1b00000, 0x00000000e1b00000| Untracked 
|  16|0x00000000e1c00000, 0x00000000e1c00000, 0x00000000e1d00000|  0%| F|  |TAMS 0x00000000e1c00000, 0x00000000e1c00000| Untracked 
|  17|0x00000000e1d00000, 0x00000000e1d00000, 0x00000000e1e00000|  0%| F|  |TAMS 0x00000000e1d00000, 0x00000000e1d00000| Untracked 
|  18|0x00000000e1e00000, 0x00000000e1e00000, 0x00000000e1f00000|  0%| F|  |TAMS 0x00000000e1e00000, 0x00000000e1e00000| Untracked 
|  19|0x00000000e1f00000, 0x00000000e1f00000, 0x00000000e2000000|  0%| F|  |TAMS 0x00000000e1f00000, 0x00000000e1f00000| Untracked 
|  20|0x00000000e2000000, 0x00000000e2000000, 0x00000000e2100000|  0%| F|  |TAMS 0x00000000e2000000, 0x00000000e2000000| Untracked 
|  21|0x00000000e2100000, 0x00000000e2100000, 0x00000000e2200000|  0%| F|  |TAMS 0x00000000e2100000, 0x00000000e2100000| Untracked 
|  22|0x00000000e2200000, 0x00000000e2200000, 0x00000000e2300000|  0%| F|  |TAMS 0x00000000e2200000, 0x00000000e2200000| Untracked 
|  23|0x00000000e2300000, 0x00000000e2300000, 0x00000000e2400000|  0%| F|  |TAMS 0x00000000e2300000, 0x00000000e2300000| Untracked 
|  24|0x00000000e2400000, 0x00000000e2400000, 0x00000000e2500000|  0%| F|  |TAMS 0x00000000e2400000, 0x00000000e2400000| Untracked 
|  25|0x00000000e2500000, 0x00000000e2500000, 0x00000000e2600000|  0%| F|  |TAMS 0x00000000e2500000, 0x00000000e2500000| Untracked 
|  26|0x00000000e2600000, 0x00000000e2600000, 0x00000000e2700000|  0%| F|  |TAMS 0x00000000e2600000, 0x00000000e2600000| Untracked 
|  27|0x00000000e2700000, 0x00000000e2700000, 0x00000000e2800000|  0%| F|  |TAMS 0x00000000e2700000, 0x00000000e2700000| Untracked 
|  28|0x00000000e2800000, 0x00000000e2800000, 0x00000000e2900000|  0%| F|  |TAMS 0x00000000e2800000, 0x00000000e2800000| Untracked 
|  29|0x00000000e2900000, 0x00000000e2900000, 0x00000000e2a00000|  0%| F|  |TAMS 0x00000000e2900000, 0x00000000e2900000| Untracked 
|  30|0x00000000e2a00000, 0x00000000e2a00000, 0x00000000e2b00000|  0%| F|  |TAMS 0x00000000e2a00000, 0x00000000e2a00000| Untracked 
|  31|0x00000000e2b00000, 0x00000000e2b00000, 0x00000000e2c00000|  0%| F|  |TAMS 0x00000000e2b00000, 0x00000000e2b00000| Untracked 
|  32|0x00000000e2c00000, 0x00000000e2c00000, 0x00000000e2d00000|  0%| F|  |TAMS 0x00000000e2c00000, 0x00000000e2c00000| Untracked 
|  33|0x00000000e2d00000, 0x00000000e2d00000, 0x00000000e2e00000|  0%| F|  |TAMS 0x00000000e2d00000, 0x00000000e2d00000| Untracked 
|  34|0x00000000e2e00000, 0x00000000e2e00000, 0x00000000e2f00000|  0%| F|  |TAMS 0x00000000e2e00000, 0x00000000e2e00000| Untracked 
|  35|0x00000000e2f00000, 0x00000000e2f00000, 0x00000000e3000000|  0%| F|  |TAMS 0x00000000e2f00000, 0x00000000e2f00000| Untracked 
|  36|0x00000000e3000000, 0x00000000e3000000, 0x00000000e3100000|  0%| F|  |TAMS 0x00000000e3000000, 0x00000000e3000000| Untracked 
|  37|0x00000000e3100000, 0x00000000e3100000, 0x00000000e3200000|  0%| F|  |TAMS 0x00000000e3100000, 0x00000000e3100000| Untracked 
|  38|0x00000000e3200000, 0x00000000e3200000, 0x00000000e3300000|  0%| F|  |TAMS 0x00000000e3200000, 0x00000000e3200000| Untracked 
|  39|0x00000000e3300000, 0x00000000e3300000, 0x00000000e3400000|  0%| F|  |TAMS 0x00000000e3300000, 0x00000000e3300000| Untracked 
|  40|0x00000000e3400000, 0x00000000e3400000, 0x00000000e3500000|  0%| F|  |TAMS 0x00000000e3400000, 0x00000000e3400000| Untracked 
|  41|0x00000000e3500000, 0x00000000e3500000, 0x00000000e3600000|  0%| F|  |TAMS 0x00000000e3500000, 0x00000000e3500000| Untracked 
|  42|0x00000000e3600000, 0x00000000e3600000, 0x00000000e3700000|  0%| F|  |TAMS 0x00000000e3600000, 0x00000000e3600000| Untracked 
|  43|0x00000000e3700000, 0x00000000e3700000, 0x00000000e3800000|  0%| F|  |TAMS 0x00000000e3700000, 0x00000000e3700000| Untracked 
|  44|0x00000000e3800000, 0x00000000e3800000, 0x00000000e3900000|  0%| F|  |TAMS 0x00000000e3800000, 0x00000000e3800000| Untracked 
|  45|0x00000000e3900000, 0x00000000e3900000, 0x00000000e3a00000|  0%| F|  |TAMS 0x00000000e3900000, 0x00000000e3900000| Untracked 
|  46|0x00000000e3a00000, 0x00000000e3a00000, 0x00000000e3b00000|  0%| F|  |TAMS 0x00000000e3a00000, 0x00000000e3a00000| Untracked 
|  47|0x00000000e3b00000, 0x00000000e3b00000, 0x00000000e3c00000|  0%| F|  |TAMS 0x00000000e3b00000, 0x00000000e3b00000| Untracked 
|  48|0x00000000e3c00000, 0x00000000e3c00000, 0x00000000e3d00000|  0%| F|  |TAMS 0x00000000e3c00000, 0x00000000e3c00000| Untracked 
|  49|0x00000000e3d00000, 0x00000000e3df3e40, 0x00000000e3e00000| 95%| S|CS|TAMS 0x00000000e3d00000, 0x00000000e3d00000| Complete 
|  50|0x00000000e3e00000, 0x00000000e3e00000, 0x00000000e3f00000|  0%| F|  |TAMS 0x00000000e3e00000, 0x00000000e3e00000| Untracked 
|  51|0x00000000e3f00000, 0x00000000e3f00000, 0x00000000e4000000|  0%| F|  |TAMS 0x00000000e3f00000, 0x00000000e3f00000| Untracked 
|  52|0x00000000e4000000, 0x00000000e4000000, 0x00000000e4100000|  0%| F|  |TAMS 0x00000000e4000000, 0x00000000e4000000| Untracked 
|  53|0x00000000e4100000, 0x00000000e4100000, 0x00000000e4200000|  0%| F|  |TAMS 0x00000000e4100000, 0x00000000e4100000| Untracked 
|  54|0x00000000e4200000, 0x00000000e4200000, 0x00000000e4300000|  0%| F|  |TAMS 0x00000000e4200000, 0x00000000e4200000| Untracked 
|  55|0x00000000e4300000, 0x00000000e4300000, 0x00000000e4400000|  0%| F|  |TAMS 0x00000000e4300000, 0x00000000e4300000| Untracked 
|  56|0x00000000e4400000, 0x00000000e4400000, 0x00000000e4500000|  0%| F|  |TAMS 0x00000000e4400000, 0x00000000e4400000| Untracked 
|  57|0x00000000e4500000, 0x00000000e4500000, 0x00000000e4600000|  0%| F|  |TAMS 0x00000000e4500000, 0x00000000e4500000| Untracked 
|  58|0x00000000e4600000, 0x00000000e4600000, 0x00000000e4700000|  0%| F|  |TAMS 0x00000000e4600000, 0x00000000e4600000| Untracked 
|  59|0x00000000e4700000, 0x00000000e4700000, 0x00000000e4800000|  0%| F|  |TAMS 0x00000000e4700000, 0x00000000e4700000| Untracked 
|  60|0x00000000e4800000, 0x00000000e4800000, 0x00000000e4900000|  0%| F|  |TAMS 0x00000000e4800000, 0x00000000e4800000| Untracked 
|  61|0x00000000e4900000, 0x00000000e4900000, 0x00000000e4a00000|  0%| F|  |TAMS 0x00000000e4900000, 0x00000000e4900000| Untracked 
|  62|0x00000000e4a00000, 0x00000000e4a00000, 0x00000000e4b00000|  0%| F|  |TAMS 0x00000000e4a00000, 0x00000000e4a00000| Untracked 
|  63|0x00000000e4b00000, 0x00000000e4b00000, 0x00000000e4c00000|  0%| F|  |TAMS 0x00000000e4b00000, 0x00000000e4b00000| Untracked 
|  64|0x00000000e4c00000, 0x00000000e4c00000, 0x00000000e4d00000|  0%| F|  |TAMS 0x00000000e4c00000, 0x00000000e4c00000| Untracked 
|  65|0x00000000e4d00000, 0x00000000e4d00000, 0x00000000e4e00000|  0%| F|  |TAMS 0x00000000e4d00000, 0x00000000e4d00000| Untracked 
|  66|0x00000000e4e00000, 0x00000000e4e00000, 0x00000000e4f00000|  0%| F|  |TAMS 0x00000000e4e00000, 0x00000000e4e00000| Untracked 
|  67|0x00000000e4f00000, 0x00000000e4f00000, 0x00000000e5000000|  0%| F|  |TAMS 0x00000000e4f00000, 0x00000000e4f00000| Untracked 
|  68|0x00000000e5000000, 0x00000000e5000000, 0x00000000e5100000|  0%| F|  |TAMS 0x00000000e5000000, 0x00000000e5000000| Untracked 
|  69|0x00000000e5100000, 0x00000000e5100000, 0x00000000e5200000|  0%| F|  |TAMS 0x00000000e5100000, 0x00000000e5100000| Untracked 
|  70|0x00000000e5200000, 0x00000000e5200000, 0x00000000e5300000|  0%| F|  |TAMS 0x00000000e5200000, 0x00000000e5200000| Untracked 
|  71|0x00000000e5300000, 0x00000000e5300000, 0x00000000e5400000|  0%| F|  |TAMS 0x00000000e5300000, 0x00000000e5300000| Untracked 
|  72|0x00000000e5400000, 0x00000000e5400000, 0x00000000e5500000|  0%| F|  |TAMS 0x00000000e5400000, 0x00000000e5400000| Untracked 
|  73|0x00000000e5500000, 0x00000000e5500000, 0x00000000e5600000|  0%| F|  |TAMS 0x00000000e5500000, 0x00000000e5500000| Untracked 
|  74|0x00000000e5600000, 0x00000000e5600000, 0x00000000e5700000|  0%| F|  |TAMS 0x00000000e5600000, 0x00000000e5600000| Untracked 
|  75|0x00000000e5700000, 0x00000000e5700000, 0x00000000e5800000|  0%| F|  |TAMS 0x00000000e5700000, 0x00000000e5700000| Untracked 
|  76|0x00000000e5800000, 0x00000000e5800000, 0x00000000e5900000|  0%| F|  |TAMS 0x00000000e5800000, 0x00000000e5800000| Untracked 
|  77|0x00000000e5900000, 0x00000000e5900000, 0x00000000e5a00000|  0%| F|  |TAMS 0x00000000e5900000, 0x00000000e5900000| Untracked 
|  78|0x00000000e5a00000, 0x00000000e5a00000, 0x00000000e5b00000|  0%| F|  |TAMS 0x00000000e5a00000, 0x00000000e5a00000| Untracked 
|  79|0x00000000e5b00000, 0x00000000e5b00000, 0x00000000e5c00000|  0%| F|  |TAMS 0x00000000e5b00000, 0x00000000e5b00000| Untracked 
|  80|0x00000000e5c00000, 0x00000000e5c00000, 0x00000000e5d00000|  0%| F|  |TAMS 0x00000000e5c00000, 0x00000000e5c00000| Untracked 
|  81|0x00000000e5d00000, 0x00000000e5d00000, 0x00000000e5e00000|  0%| F|  |TAMS 0x00000000e5d00000, 0x00000000e5d00000| Untracked 
|  82|0x00000000e5e00000, 0x00000000e5e00000, 0x00000000e5f00000|  0%| F|  |TAMS 0x00000000e5e00000, 0x00000000e5e00000| Untracked 
|  83|0x00000000e5f00000, 0x00000000e5f00000, 0x00000000e6000000|  0%| F|  |TAMS 0x00000000e5f00000, 0x00000000e5f00000| Untracked 
|  84|0x00000000e6000000, 0x00000000e6000000, 0x00000000e6100000|  0%| F|  |TAMS 0x00000000e6000000, 0x00000000e6000000| Untracked 
|  85|0x00000000e6100000, 0x00000000e6100000, 0x00000000e6200000|  0%| F|  |TAMS 0x00000000e6100000, 0x00000000e6100000| Untracked 
|  86|0x00000000e6200000, 0x00000000e6200000, 0x00000000e6300000|  0%| F|  |TAMS 0x00000000e6200000, 0x00000000e6200000| Untracked 
|  87|0x00000000e6300000, 0x00000000e6300000, 0x00000000e6400000|  0%| F|  |TAMS 0x00000000e6300000, 0x00000000e6300000| Untracked 
|  88|0x00000000e6400000, 0x00000000e6400000, 0x00000000e6500000|  0%| F|  |TAMS 0x00000000e6400000, 0x00000000e6400000| Untracked 
|  89|0x00000000e6500000, 0x00000000e6500000, 0x00000000e6600000|  0%| F|  |TAMS 0x00000000e6500000, 0x00000000e6500000| Untracked 
|  90|0x00000000e6600000, 0x00000000e6600000, 0x00000000e6700000|  0%| F|  |TAMS 0x00000000e6600000, 0x00000000e6600000| Untracked 
|  91|0x00000000e6700000, 0x00000000e6700000, 0x00000000e6800000|  0%| F|  |TAMS 0x00000000e6700000, 0x00000000e6700000| Untracked 
|  92|0x00000000e6800000, 0x00000000e6800000, 0x00000000e6900000|  0%| F|  |TAMS 0x00000000e6800000, 0x00000000e6800000| Untracked 
|  93|0x00000000e6900000, 0x00000000e6900000, 0x00000000e6a00000|  0%| F|  |TAMS 0x00000000e6900000, 0x00000000e6900000| Untracked 
|  94|0x00000000e6a00000, 0x00000000e6a00000, 0x00000000e6b00000|  0%| F|  |TAMS 0x00000000e6a00000, 0x00000000e6a00000| Untracked 
|  95|0x00000000e6b00000, 0x00000000e6b00000, 0x00000000e6c00000|  0%| F|  |TAMS 0x00000000e6b00000, 0x00000000e6b00000| Untracked 
|  96|0x00000000e6c00000, 0x00000000e6c00000, 0x00000000e6d00000|  0%| F|  |TAMS 0x00000000e6c00000, 0x00000000e6c00000| Untracked 
|  97|0x00000000e6d00000, 0x00000000e6d00000, 0x00000000e6e00000|  0%| F|  |TAMS 0x00000000e6d00000, 0x00000000e6d00000| Untracked 
|  98|0x00000000e6e00000, 0x00000000e6e00000, 0x00000000e6f00000|  0%| F|  |TAMS 0x00000000e6e00000, 0x00000000e6e00000| Untracked 
|  99|0x00000000e6f00000, 0x00000000e6f00000, 0x00000000e7000000|  0%| F|  |TAMS 0x00000000e6f00000, 0x00000000e6f00000| Untracked 
| 100|0x00000000e7000000, 0x00000000e7000000, 0x00000000e7100000|  0%| F|  |TAMS 0x00000000e7000000, 0x00000000e7000000| Untracked 
| 101|0x00000000e7100000, 0x00000000e7100000, 0x00000000e7200000|  0%| F|  |TAMS 0x00000000e7100000, 0x00000000e7100000| Untracked 
| 102|0x00000000e7200000, 0x00000000e7200000, 0x00000000e7300000|  0%| F|  |TAMS 0x00000000e7200000, 0x00000000e7200000| Untracked 
| 103|0x00000000e7300000, 0x00000000e7300000, 0x00000000e7400000|  0%| F|  |TAMS 0x00000000e7300000, 0x00000000e7300000| Untracked 
| 104|0x00000000e7400000, 0x00000000e7400000, 0x00000000e7500000|  0%| F|  |TAMS 0x00000000e7400000, 0x00000000e7400000| Untracked 
| 105|0x00000000e7500000, 0x00000000e7500000, 0x00000000e7600000|  0%| F|  |TAMS 0x00000000e7500000, 0x00000000e7500000| Untracked 
| 106|0x00000000e7600000, 0x00000000e7600000, 0x00000000e7700000|  0%| F|  |TAMS 0x00000000e7600000, 0x00000000e7600000| Untracked 
| 107|0x00000000e7700000, 0x00000000e7700000, 0x00000000e7800000|  0%| F|  |TAMS 0x00000000e7700000, 0x00000000e7700000| Untracked 
| 108|0x00000000e7800000, 0x00000000e7800000, 0x00000000e7900000|  0%| F|  |TAMS 0x00000000e7800000, 0x00000000e7800000| Untracked 
| 109|0x00000000e7900000, 0x00000000e7900000, 0x00000000e7a00000|  0%| F|  |TAMS 0x00000000e7900000, 0x00000000e7900000| Untracked 
| 110|0x00000000e7a00000, 0x00000000e7a00000, 0x00000000e7b00000|  0%| F|  |TAMS 0x00000000e7a00000, 0x00000000e7a00000| Untracked 
| 111|0x00000000e7b00000, 0x00000000e7b00000, 0x00000000e7c00000|  0%| F|  |TAMS 0x00000000e7b00000, 0x00000000e7b00000| Untracked 
| 112|0x00000000e7c00000, 0x00000000e7c00000, 0x00000000e7d00000|  0%| F|  |TAMS 0x00000000e7c00000, 0x00000000e7c00000| Untracked 
| 113|0x00000000e7d00000, 0x00000000e7d00000, 0x00000000e7e00000|  0%| F|  |TAMS 0x00000000e7d00000, 0x00000000e7d00000| Untracked 
| 114|0x00000000e7e00000, 0x00000000e7e00000, 0x00000000e7f00000|  0%| F|  |TAMS 0x00000000e7e00000, 0x00000000e7e00000| Untracked 
| 115|0x00000000e7f00000, 0x00000000e7f00000, 0x00000000e8000000|  0%| F|  |TAMS 0x00000000e7f00000, 0x00000000e7f00000| Untracked 
| 116|0x00000000e8000000, 0x00000000e8000000, 0x00000000e8100000|  0%| F|  |TAMS 0x00000000e8000000, 0x00000000e8000000| Untracked 
| 117|0x00000000e8100000, 0x00000000e8100000, 0x00000000e8200000|  0%| F|  |TAMS 0x00000000e8100000, 0x00000000e8100000| Untracked 
| 118|0x00000000e8200000, 0x00000000e8200000, 0x00000000e8300000|  0%| F|  |TAMS 0x00000000e8200000, 0x00000000e8200000| Untracked 
| 119|0x00000000e8300000, 0x00000000e8300000, 0x00000000e8400000|  0%| F|  |TAMS 0x00000000e8300000, 0x00000000e8300000| Untracked 
| 120|0x00000000e8400000, 0x00000000e8400000, 0x00000000e8500000|  0%| F|  |TAMS 0x00000000e8400000, 0x00000000e8400000| Untracked 
| 121|0x00000000e8500000, 0x00000000e8500000, 0x00000000e8600000|  0%| F|  |TAMS 0x00000000e8500000, 0x00000000e8500000| Untracked 
| 122|0x00000000e8600000, 0x00000000e8600000, 0x00000000e8700000|  0%| F|  |TAMS 0x00000000e8600000, 0x00000000e8600000| Untracked 
| 123|0x00000000e8700000, 0x00000000e8700000, 0x00000000e8800000|  0%| F|  |TAMS 0x00000000e8700000, 0x00000000e8700000| Untracked 
| 498|0x00000000ffe00000, 0x00000000ffe47000, 0x00000000fff00000| 27%|OA|  |TAMS 0x00000000ffe00000, 0x00000000ffe00000| Untracked 
| 499|0x00000000fff00000, 0x00000000fff6a000, 0x0000000100000000| 41%|CA|  |TAMS 0x00000000fff00000, 0x00000000fff00000| Untracked 

Card table byte_map: [0x00007f138cad0000,0x00007f138cbca000] _byte_map_base: 0x00007f138c3ca000

Marking Bits (Prev, Next): (CMBitMap*) 0x00007f138803c918, (CMBitMap*) 0x00007f138803c950
 Prev Bits: [0x00007f138c206000, 0x00007f138c9d6000)
 Next Bits: [0x00007f137013d000, 0x00007f137090d000)

Polling page: 0x00007f1390ffd000

Metaspace:

Usage:
  Non-class:      4,53 MB capacity,     2,05 MB ( 45%) used,     2,47 MB ( 55%) free+waste,     8,94 KB ( <1%) overhead. 
      Class:    489,00 KB capacity,   237,03 KB ( 48%) used,   247,59 KB ( 51%) free+waste,     4,38 KB ( <1%) overhead. 
       Both:      5,00 MB capacity,     2,28 MB ( 46%) used,     2,71 MB ( 54%) free+waste,    13,31 KB ( <1%) overhead. 

Virtual space:
  Non-class space:        8,00 MB reserved,       4,75 MB ( 59%) committed 
      Class space:        1,00 GB reserved,     512,00 KB ( <1%) committed 
             Both:        1,01 GB reserved,       5,25 MB ( <1%) committed 

Chunk freelists:
   Non-Class:  0 bytes
       Class:  0 bytes
        Both:  0 bytes

MaxMetaspaceSize: unlimited
CompressedClassSpaceSize: 1,00 GB

CodeHeap 'non-profiled nmethods': size=120036Kb used=301Kb max_used=301Kb free=119734Kb
 bounds [0x00007f13783d4000, 0x00007f1378644000, 0x00007f137f90d000]
CodeHeap 'profiled nmethods': size=120032Kb used=1241Kb max_used=1241Kb free=118790Kb
 bounds [0x00007f1370e9c000, 0x00007f137110c000, 0x00007f13783d4000]
CodeHeap 'non-nmethods': size=5692Kb used=1073Kb max_used=1100Kb free=4618Kb
 bounds [0x00007f137090d000, 0x00007f1370b7d000, 0x00007f1370e9c000]
 total_blobs=1448 nmethods=800 adapters=288
 compilation: enabled
              stopped_count=0, restarted_count=0
 full_count=0

Compilation events (20 events):
Event: 1,615 Thread 0x00007f138809c800  792       4       java.util.stream.SortedOps$SizedRefSortingSink::begin (28 bytes)
Event: 1,617 Thread 0x00007f138809c800 nmethod 792 0x00007f137841e310 code [0x00007f137841e4a0, 0x00007f137841e6d8]
Event: 1,686 Thread 0x00007f138809e800  793       3       jobshop.encodings.ResourceOrder::<init> (127 bytes)
Event: 1,686 Thread 0x00007f138809c800  794       4       jobshop.Schedule::makespan (60 bytes)
Event: 1,693 Thread 0x00007f138809c800 nmethod 794 0x00007f137841e790 code [0x00007f137841e920, 0x00007f137841ec38]
Event: 1,724 Thread 0x00007f138809e800 nmethod 793 0x00007f1370fcc090 code [0x00007f1370fcc480, 0x00007f1370fce508]
Event: 1,724 Thread 0x00007f138809e800  795       3       jobshop.solvers.Solvertabou$Swap::applyOn (62 bytes)
Event: 1,725 Thread 0x00007f138809e800 nmethod 795 0x00007f1370fcf010 code [0x00007f1370fcf220, 0x00007f1370fcf958]
Event: 1,749 Thread 0x00007f138809c800  796       4       jobshop.solvers.Solvertabou::findIndex (56 bytes)
Event: 1,753 Thread 0x00007f138809c800 nmethod 796 0x00007f137841ee10 code [0x00007f137841efc0, 0x00007f137841f258]
Event: 1,806 Thread 0x00007f138809e800  797       3       java.util.Arrays::copyOf (40 bytes)
Event: 1,806 Thread 0x00007f138809e800 nmethod 797 0x00007f1370fcfc90 code [0x00007f1370fcfea0, 0x00007f1370fd05c8]
Event: 1,806 Thread 0x00007f138809e800  798       3       java.util.ArrayList::iterator (9 bytes)
Event: 1,806 Thread 0x00007f138809e800 nmethod 798 0x00007f1370fd0810 code [0x00007f1370fd09e0, 0x00007f1370fd0cf0]
Event: 1,891 Thread 0x00007f138809e800  799       3       java.util.LinkedList::linkBefore (63 bytes)
Event: 1,891 Thread 0x00007f138809e800 nmethod 799 0x00007f1370fd0e10 code [0x00007f1370fd1000, 0x00007f1370fd1550]
Event: 1,913 Thread 0x00007f138809e800  800       3       java.util.ArrayList::newCapacity (65 bytes)
Event: 1,914 Thread 0x00007f138809e800 nmethod 800 0x00007f1370fd1710 code [0x00007f1370fd1920, 0x00007f1370fd1f38]
Event: 1,941 Thread 0x00007f138809e800  801       3       java.util.ArrayList$Itr::hasNext (20 bytes)
Event: 1,941 Thread 0x00007f138809e800 nmethod 801 0x00007f1370fd2110 code [0x00007f1370fd22c0, 0x00007f1370fd24b0]

GC Heap History (20 events):
Event: 0,751 GC heap after
{Heap after GC invocations=3 (full 0):
 garbage-first heap   total 34816K, used 1509K [0x00000000e0c00000, 0x0000000100000000)
  region size 1024K, 1 young (1024K), 1 survivors (1024K)
 Metaspace       used 2187K, capacity 5118K, committed 5376K, reserved 1056768K
  class space    used 229K, capacity 489K, committed 512K, reserved 1048576K
}
Event: 0,790 GC heap before
{Heap before GC invocations=3 (full 0):
 garbage-first heap   total 34816K, used 19941K [0x00000000e0c00000, 0x0000000100000000)
  region size 1024K, 19 young (19456K), 1 survivors (1024K)
 Metaspace       used 2193K, capacity 5118K, committed 5376K, reserved 1056768K
  class space    used 229K, capacity 489K, committed 512K, reserved 1048576K
}
Event: 0,800 GC heap after
{Heap after GC invocations=4 (full 0):
 garbage-first heap   total 34816K, used 1567K [0x00000000e0c00000, 0x0000000100000000)
  region size 1024K, 1 young (1024K), 1 survivors (1024K)
 Metaspace       used 2193K, capacity 5118K, committed 5376K, reserved 1056768K
  class space    used 229K, capacity 489K, committed 512K, reserved 1048576K
}
Event: 0,838 GC heap before
{Heap before GC invocations=4 (full 0):
 garbage-first heap   total 34816K, used 19999K [0x00000000e0c00000, 0x0000000100000000)
  region size 1024K, 19 young (19456K), 1 survivors (1024K)
 Metaspace       used 2193K, capacity 5118K, committed 5376K, reserved 1056768K
  class space    used 229K, capacity 489K, committed 512K, reserved 1048576K
}
Event: 0,851 GC heap after
{Heap after GC invocations=5 (full 0):
 garbage-first heap   total 64512K, used 1499K [0x00000000e0c00000, 0x0000000100000000)
  region size 1024K, 1 young (1024K), 1 survivors (1024K)
 Metaspace       used 2193K, capacity 5118K, committed 5376K, reserved 1056768K
  class space    used 229K, capacity 489K, committed 512K, reserved 1048576K
}
Event: 0,985 GC heap before
{Heap before GC invocations=5 (full 0):
 garbage-first heap   total 64512K, used 30171K [0x00000000e0c00000, 0x0000000100000000)
  region size 1024K, 29 young (29696K), 1 survivors (1024K)
 Metaspace       used 2293K, capacity 5122K, committed 5376K, reserved 1056768K
  class space    used 237K, capacity 489K, committed 512K, reserved 1048576K
}
Event: 0,999 GC heap after
{Heap after GC invocations=6 (full 0):
 garbage-first heap   total 64512K, used 1600K [0x00000000e0c00000, 0x0000000100000000)
  region size 1024K, 1 young (1024K), 1 survivors (1024K)
 Metaspace       used 2293K, capacity 5122K, committed 5376K, reserved 1056768K
  class space    used 237K, capacity 489K, committed 512K, reserved 1048576K
}
Event: 1,069 GC heap before
{Heap before GC invocations=6 (full 0):
 garbage-first heap   total 64512K, used 36416K [0x00000000e0c00000, 0x0000000100000000)
  region size 1024K, 35 young (35840K), 1 survivors (1024K)
 Metaspace       used 2296K, capacity 5123K, committed 5376K, reserved 1056768K
  class space    used 237K, capacity 489K, committed 512K, reserved 1048576K
}
Event: 1,083 GC heap after
{Heap after GC invocations=7 (full 0):
 garbage-first heap   total 64512K, used 1575K [0x00000000e0c00000, 0x0000000100000000)
  region size 1024K, 1 young (1024K), 1 survivors (1024K)
 Metaspace       used 2296K, capacity 5123K, committed 5376K, reserved 1056768K
  class space    used 237K, capacity 489K, committed 512K, reserved 1048576K
}
Event: 1,138 GC heap before
{Heap before GC invocations=7 (full 0):
 garbage-first heap   total 64512K, used 38439K [0x00000000e0c00000, 0x0000000100000000)
  region size 1024K, 37 young (37888K), 1 survivors (1024K)
 Metaspace       used 2298K, capacity 5123K, committed 5376K, reserved 1056768K
  class space    used 237K, capacity 489K, committed 512K, reserved 1048576K
}
Event: 1,150 GC heap after
{Heap after GC invocations=8 (full 0):
 garbage-first heap   total 64512K, used 1639K [0x00000000e0c00000, 0x0000000100000000)
  region size 1024K, 1 young (1024K), 1 survivors (1024K)
 Metaspace       used 2298K, capacity 5123K, committed 5376K, reserved 1056768K
  class space    used 237K, capacity 489K, committed 512K, reserved 1048576K
}
Event: 1,233 GC heap before
{Heap before GC invocations=8 (full 0):
 garbage-first heap   total 64512K, used 38503K [0x00000000e0c00000, 0x0000000100000000)
  region size 1024K, 37 young (37888K), 1 survivors (1024K)
 Metaspace       used 2333K, capacity 5123K, committed 5376K, reserved 1056768K
  class space    used 237K, capacity 489K, committed 512K, reserved 1048576K
}
Event: 1,250 GC heap after
{Heap after GC invocations=9 (full 0):
 garbage-first heap   total 129024K, used 1592K [0x00000000e0c00000, 0x0000000100000000)
  region size 1024K, 1 young (1024K), 1 survivors (1024K)
 Metaspace       used 2333K, capacity 5123K, committed 5376K, reserved 1056768K
  class space    used 237K, capacity 489K, committed 512K, reserved 1048576K
}
Event: 1,389 GC heap before
{Heap before GC invocations=9 (full 0):
 garbage-first heap   total 129024K, used 59960K [0x00000000e0c00000, 0x0000000100000000)
  region size 1024K, 58 young (59392K), 1 survivors (1024K)
 Metaspace       used 2333K, capacity 5123K, committed 5376K, reserved 1056768K
  class space    used 237K, capacity 489K, committed 512K, reserved 1048576K
}
Event: 1,525 GC heap after
{Heap after GC invocations=10 (full 0):
 garbage-first heap   total 129024K, used 1657K [0x00000000e0c00000, 0x0000000100000000)
  region size 1024K, 1 young (1024K), 1 survivors (1024K)
 Metaspace       used 2333K, capacity 5123K, committed 5376K, reserved 1056768K
  class space    used 237K, capacity 489K, committed 512K, reserved 1048576K
}
Event: 1,671 GC heap before
{Heap before GC invocations=10 (full 0):
 garbage-first heap   total 129024K, used 74361K [0x00000000e0c00000, 0x0000000100000000)
  region size 1024K, 72 young (73728K), 1 survivors (1024K)
 Metaspace       used 2333K, capacity 5123K, committed 5376K, reserved 1056768K
  class space    used 237K, capacity 489K, committed 512K, reserved 1048576K
}
Event: 1,684 GC heap after
{Heap after GC invocations=11 (full 0):
 garbage-first heap   total 129024K, used 1621K [0x00000000e0c00000, 0x0000000100000000)
  region size 1024K, 1 young (1024K), 1 survivors (1024K)
 Metaspace       used 2333K, capacity 5123K, committed 5376K, reserved 1056768K
  class space    used 237K, capacity 489K, committed 512K, reserved 1048576K
}
Event: 1,842 GC heap before
{Heap before GC invocations=11 (full 0):
 garbage-first heap   total 129024K, used 77397K [0x00000000e0c00000, 0x0000000100000000)
  region size 1024K, 75 young (76800K), 1 survivors (1024K)
 Metaspace       used 2333K, capacity 5123K, committed 5376K, reserved 1056768K
  class space    used 237K, capacity 489K, committed 512K, reserved 1048576K
}
Event: 1,854 GC heap after
{Heap after GC invocations=12 (full 0):
 garbage-first heap   total 129024K, used 1699K [0x00000000e0c00000, 0x0000000100000000)
  region size 1024K, 1 young (1024K), 1 survivors (1024K)
 Metaspace       used 2333K, capacity 5123K, committed 5376K, reserved 1056768K
  class space    used 237K, capacity 489K, committed 512K, reserved 1048576K
}
Event: 1,990 GC heap before
{Heap before GC invocations=12 (full 0):
 garbage-first heap   total 129024K, used 77475K [0x00000000e0c00000, 0x0000000100000000)
  region size 1024K, 75 young (76800K), 1 survivors (1024K)
 Metaspace       used 2333K, capacity 5123K, committed 5376K, reserved 1056768K
  class space    used 237K, capacity 489K, committed 512K, reserved 1048576K
}

Deoptimization events (20 events):
Event: 0,950 Thread 0x00007f1388016800 Uncommon trap: trap_request=0xffffff4d fr.pc=0x00007f13783fafb8 relative=0x00000000000005d8
Event: 0,951 Thread 0x00007f1388016800 Uncommon trap: reason=unstable_if action=reinterpret pc=0x00007f13783fafb8 method=java.lang.Integer.compare(II)I @ 11 c2
Event: 0,951 Thread 0x00007f1388016800 DEOPT PACKING pc=0x00007f13783fafb8 sp=0x00007f1390fe90a0
Event: 0,951 Thread 0x00007f1388016800 DEOPT UNPACKING pc=0x00007f13709359a5 sp=0x00007f1390fe8ea8 mode 2
Event: 1,181 Thread 0x00007f1388016800 Uncommon trap: trap_request=0xffffffde fr.pc=0x00007f13783f80dc relative=0x000000000000003c
Event: 1,181 Thread 0x00007f1388016800 Uncommon trap: reason=class_check action=maybe_recompile pc=0x00007f13783f80dc method=java.util.stream.StreamOpFlag.fromCharacteristics(Ljava/util/Spliterator;)I @ 1 c2
Event: 1,181 Thread 0x00007f1388016800 DEOPT PACKING pc=0x00007f13783f80dc sp=0x00007f1390fe9700
Event: 1,181 Thread 0x00007f1388016800 DEOPT UNPACKING pc=0x00007f13709359a5 sp=0x00007f1390fe96b8 mode 2
Event: 1,181 Thread 0x00007f1388016800 Uncommon trap: trap_request=0xffffffde fr.pc=0x00007f13783f73cc relative=0x00000000000004ac
Event: 1,181 Thread 0x00007f1388016800 Uncommon trap: reason=class_check action=maybe_recompile pc=0x00007f13783f73cc method=java.util.stream.AbstractPipeline.copyInto(Ljava/util/stream/Sink;Ljava/util/Spliterator;)V @ 20 c2
Event: 1,181 Thread 0x00007f1388016800 DEOPT PACKING pc=0x00007f13783f73cc sp=0x00007f1390fe96b0
Event: 1,181 Thread 0x00007f1388016800 DEOPT UNPACKING pc=0x00007f13709359a5 sp=0x00007f1390fe9600 mode 2
Event: 1,181 Thread 0x00007f1388016800 Uncommon trap: trap_request=0xffffffde fr.pc=0x00007f13783f681c relative=0x000000000000007c
Event: 1,181 Thread 0x00007f1388016800 Uncommon trap: reason=class_check action=maybe_recompile pc=0x00007f13783f681c method=java.util.Spliterator.getExactSizeIfKnown()J @ 1 c2
Event: 1,181 Thread 0x00007f1388016800 DEOPT PACKING pc=0x00007f13783f681c sp=0x00007f1390fe95d0
Event: 1,181 Thread 0x00007f1388016800 DEOPT UNPACKING pc=0x00007f13709359a5 sp=0x00007f1390fe9590 mode 2
Event: 1,181 Thread 0x00007f1388016800 Uncommon trap: trap_request=0xffffffde fr.pc=0x00007f137840078c relative=0x000000000000006c
Event: 1,181 Thread 0x00007f1388016800 Uncommon trap: reason=class_check action=maybe_recompile pc=0x00007f137840078c method=java.util.stream.Sink$ChainedReference.end()V @ 4 c2
Event: 1,181 Thread 0x00007f1388016800 DEOPT PACKING pc=0x00007f137840078c sp=0x00007f1390fe95f0
Event: 1,181 Thread 0x00007f1388016800 DEOPT UNPACKING pc=0x00007f13709359a5 sp=0x00007f1390fe95a0 mode 2

Classes redefined (0 events):
No events

Internal exceptions (10 events):
Event: 0,075 Thread 0x00007f1388016800 Exception <a 'java/security/PrivilegedActionException'{0x00000000e2b9cb78}> (0x00000000e2b9cb78) thrown at [./src/hotspot/share/prims/jvm.cpp, line 1297]
Event: 0,075 Thread 0x00007f1388016800 Exception <a 'java/security/PrivilegedActionException'{0x00000000e2b9ce48}> (0x00000000e2b9ce48) thrown at [./src/hotspot/share/prims/jvm.cpp, line 1297]
Event: 0,164 Thread 0x00007f1388016800 Exception <a 'java/lang/NoSuchMethodError'{0x00000000e2a2b8b8}: 'int java.lang.invoke.DirectMethodHandle$Holder.invokeSpecialIFC(java.lang.Object, java.lang.Object, int)'> (0x00000000e2a2b8b8) thrown at [./src/hotspot/share/interpreter/linkResolver.cpp, line 773]
Event: 0,219 Thread 0x00007f1388016800 Exception <a 'java/lang/NoSuchMethodError'{0x00000000e2a4fe20}: 'java.lang.Object java.lang.invoke.DirectMethodHandle$Holder.invokeStaticInit(java.lang.Object, java.lang.Object, long, java.lang.Object)'> (0x00000000e2a4fe20) thrown at [./src/hotspot/share/interpreter/linkResolver.cpp, line 773]
Event: 0,221 Thread 0x00007f1388016800 Exception <a 'java/lang/NoSuchMethodError'{0x00000000e2a5c090}: 'java.lang.Object java.lang.invoke.Invokers$Holder.linkToTargetMethod(java.lang.Object, long, java.lang.Object)'> (0x00000000e2a5c090) thrown at [./src/hotspot/share/interpreter/linkResolver.cpp, line 773]
Event: 0,225 Thread 0x00007f1388016800 Exception <a 'java/lang/NoSuchMethodError'{0x00000000e2a66120}: 'java.lang.Object java.lang.invoke.DirectMethodHandle$Holder.invokeStatic(java.lang.Object, java.lang.Object, java.lang.Object, int)'> (0x00000000e2a66120) thrown at [./src/hotspot/share/interpreter/linkResolver.cpp, line 773]
Event: 0,226 Thread 0x00007f1388016800 Exception <a 'java/lang/NoSuchMethodError'{0x00000000e2a6c9c0}: 'java.lang.Object java.lang.invoke.Invokers$Holder.linkToTargetMethod(java.lang.Object, java.lang.Object, int, java.lang.Object)'> (0x00000000e2a6c9c0) thrown at [./src/hotspot/share/interpreter/linkResolver.cpp, line 773]
Event: 0,458 Thread 0x00007f1388016800 Exception <a 'java/lang/NoSuchMethodError'{0x00000000e286e878}: 'java.lang.Object java.lang.invoke.Invokers$Holder.linkToTargetMethod(java.lang.Object, int, java.lang.Object)'> (0x00000000e286e878) thrown at [./src/hotspot/share/interpreter/linkResolver.cpp, line 773]
Event: 0,484 Thread 0x00007f1388016800 Exception <a 'java/lang/NoSuchMethodError'{0x00000000e289ec90}: 'int java.lang.invoke.DirectMethodHandle$Holder.invokeVirtual(java.lang.Object, java.lang.Object, java.lang.Object)'> (0x00000000e289ec90) thrown at [./src/hotspot/share/interpreter/linkResolver.cpp, line 773]
Event: 0,486 Thread 0x00007f1388016800 Exception <a 'java/lang/NoSuchMethodError'{0x00000000e28aae08}: 'int java.lang.invoke.DirectMethodHandle$Holder.invokeSpecial(java.lang.Object, java.lang.Object, java.lang.Object, java.lang.Object)'> (0x00000000e28aae08) thrown at [./src/hotspot/share/interpreter/linkResolver.cpp, line 773]

Events (20 events):
Event: 0,890 loading class jdk/internal/math/FloatingDecimal$PreparedASCIIToBinaryBuffer done
Event: 0,890 loading class jdk/internal/math/FDBigInteger
Event: 0,890 loading class jdk/internal/math/FDBigInteger done
Event: 0,892 loading class jdk/internal/math/FormattedFloatingDecimal$2
Event: 0,892 loading class jdk/internal/math/FormattedFloatingDecimal$2 done
Event: 0,985 Executing VM operation: G1CollectForAllocation
Event: 0,999 Executing VM operation: G1CollectForAllocation done
Event: 1,069 Executing VM operation: G1CollectForAllocation
Event: 1,083 Executing VM operation: G1CollectForAllocation done
Event: 1,138 Executing VM operation: G1CollectForAllocation
Event: 1,150 Executing VM operation: G1CollectForAllocation done
Event: 1,233 Executing VM operation: G1CollectForAllocation
Event: 1,250 Executing VM operation: G1CollectForAllocation done
Event: 1,386 Executing VM operation: G1CollectForAllocation
Event: 1,525 Executing VM operation: G1CollectForAllocation done
Event: 1,671 Executing VM operation: G1CollectForAllocation
Event: 1,684 Executing VM operation: G1CollectForAllocation done
Event: 1,842 Executing VM operation: G1CollectForAllocation
Event: 1,854 Executing VM operation: G1CollectForAllocation done
Event: 1,985 Executing VM operation: G1CollectForAllocation


Dynamic libraries:
e0c00000-e8800000 rw-p 00000000 00:00 0 
f1e00000-ffe00000 ---p 00000000 00:00 0 
ffe00000-ffe47000 rw-p 0110b000 08:01 524352                             /usr/lib/jvm/java-11-openjdk-amd64/lib/server/classes.jsa
ffe47000-fff00000 rw-p 00000000 00:00 0 
fff00000-fff6a000 rw-p 010a1000 08:01 524352                             /usr/lib/jvm/java-11-openjdk-amd64/lib/server/classes.jsa
fff6a000-100000000 rw-p 00000000 00:00 0 
800000000-800002000 rwxp 00001000 08:01 524352                           /usr/lib/jvm/java-11-openjdk-amd64/lib/server/classes.jsa
800002000-8003b8000 rw-p 00003000 08:01 524352                           /usr/lib/jvm/java-11-openjdk-amd64/lib/server/classes.jsa
8003b8000-800a93000 r--p 003b9000 08:01 524352                           /usr/lib/jvm/java-11-openjdk-amd64/lib/server/classes.jsa
800a93000-800a94000 rw-p 00a94000 08:01 524352                           /usr/lib/jvm/java-11-openjdk-amd64/lib/server/classes.jsa
800a94000-8010a0000 r--p 00a95000 08:01 524352                           /usr/lib/jvm/java-11-openjdk-amd64/lib/server/classes.jsa
840000000-840080000 rw-p 00000000 00:00 0 
840080000-880000000 ---p 00000000 00:00 0 
56550b3f7000-56550b3f8000 r-xp 00000000 08:01 135634                     /usr/lib/jvm/java-11-openjdk-amd64/bin/java
56550b5f8000-56550b5f9000 r--p 00001000 08:01 135634                     /usr/lib/jvm/java-11-openjdk-amd64/bin/java
56550b5f9000-56550b5fa000 rw-p 00002000 08:01 135634                     /usr/lib/jvm/java-11-openjdk-amd64/bin/java
56550c84b000-56550c86c000 rw-p 00000000 00:00 0                          [heap]
7f1333ad6000-7f1333ad7000 ---p 00000000 00:00 0 
7f1333ad7000-7f1333bd8000 rw-p 00000000 00:00 0 
7f1333bd8000-7f1333bee000 r-xp 00000000 08:01 137714                     /usr/lib/jvm/java-11-openjdk-amd64/lib/libnet.so
7f1333bee000-7f1333ded000 ---p 00016000 08:01 137714                     /usr/lib/jvm/java-11-openjdk-amd64/lib/libnet.so
7f1333ded000-7f1333dee000 r--p 00015000 08:01 137714                     /usr/lib/jvm/java-11-openjdk-amd64/lib/libnet.so
7f1333dee000-7f1333def000 rw-p 00016000 08:01 137714                     /usr/lib/jvm/java-11-openjdk-amd64/lib/libnet.so
7f1333def000-7f1333dff000 r-xp 00000000 08:01 137715                     /usr/lib/jvm/java-11-openjdk-amd64/lib/libnio.so
7f1333dff000-7f1333ffe000 ---p 00010000 08:01 137715                     /usr/lib/jvm/java-11-openjdk-amd64/lib/libnio.so
7f1333ffe000-7f1333fff000 r--p 0000f000 08:01 137715                     /usr/lib/jvm/java-11-openjdk-amd64/lib/libnio.so
7f1333fff000-7f1334000000 rw-p 00010000 08:01 137715                     /usr/lib/jvm/java-11-openjdk-amd64/lib/libnio.so
7f1334000000-7f1334021000 rw-p 00000000 00:00 0 
7f1334021000-7f1338000000 ---p 00000000 00:00 0 
7f1338000000-7f1338021000 rw-p 00000000 00:00 0 
7f1338021000-7f133c000000 ---p 00000000 00:00 0 
7f133c000000-7f133c309000 rw-p 00000000 00:00 0 
7f133c309000-7f1340000000 ---p 00000000 00:00 0 
7f1340000000-7f1340021000 rw-p 00000000 00:00 0 
7f1340021000-7f1344000000 ---p 00000000 00:00 0 
7f1344000000-7f1344021000 rw-p 00000000 00:00 0 
7f1344021000-7f1348000000 ---p 00000000 00:00 0 
7f1348000000-7f13486da000 rw-p 00000000 00:00 0 
7f13486da000-7f134c000000 ---p 00000000 00:00 0 
7f134c000000-7f134c021000 rw-p 00000000 00:00 0 
7f134c021000-7f1350000000 ---p 00000000 00:00 0 
7f1350000000-7f1350021000 rw-p 00000000 00:00 0 
7f1350021000-7f1354000000 ---p 00000000 00:00 0 
7f1354000000-7f1354021000 rw-p 00000000 00:00 0 
7f1354021000-7f1358000000 ---p 00000000 00:00 0 
7f1358000000-7f1358055000 rw-p 00000000 00:00 0 
7f1358055000-7f135c000000 ---p 00000000 00:00 0 
7f135c000000-7f135c021000 rw-p 00000000 00:00 0 
7f135c021000-7f1360000000 ---p 00000000 00:00 0 
7f136007d000-7f1360081000 ---p 00000000 00:00 0 
7f1360081000-7f136009f000 rw-p 00000000 00:00 0 
7f136009f000-7f13600a3000 ---p 00000000 00:00 0 
7f13600a3000-7f13601a0000 rw-p 00000000 00:00 0 
7f13601a0000-7f13601a1000 ---p 00000000 00:00 0 
7f13601a1000-7f13602a2000 rw-p 00000000 00:00 0 
7f13602a2000-7f13602a6000 ---p 00000000 00:00 0 
7f13602a6000-7f13603a3000 rw-p 00000000 00:00 0 
7f13603a3000-7f13603a7000 ---p 00000000 00:00 0 
7f13603a7000-7f13604a4000 rw-p 00000000 00:00 0 
7f13604a4000-7f13604a8000 ---p 00000000 00:00 0 
7f13604a8000-7f13605a5000 rw-p 00000000 00:00 0 
7f13605a5000-7f13605a9000 ---p 00000000 00:00 0 
7f13605a9000-7f13606a6000 rw-p 00000000 00:00 0 
7f13606a6000-7f13606aa000 ---p 00000000 00:00 0 
7f13606aa000-7f13607a7000 rw-p 00000000 00:00 0 
7f13607a7000-7f1361176000 r--p 00000000 08:01 793198                     /usr/lib/locale/locale-archive
7f1361176000-7f136117a000 ---p 00000000 00:00 0 
7f136117a000-7f1361277000 rw-p 00000000 00:00 0 
7f1361277000-7f136127b000 ---p 00000000 00:00 0 
7f136127b000-7f1361378000 rw-p 00000000 00:00 0 
7f1361378000-7f1361379000 ---p 00000000 00:00 0 
7f1361379000-7f13619bb000 rw-p 00000000 00:00 0 
7f13619bb000-7f1361cfb000 ---p 00000000 00:00 0 
7f1361cfb000-7f1361cfc000 ---p 00000000 00:00 0 
7f1361cfc000-7f1361dfd000 rw-p 00000000 00:00 0 
7f1361dfd000-7f1361dfe000 ---p 00000000 00:00 0 
7f1361dfe000-7f1364000000 rw-p 00000000 00:00 0 
7f1364000000-7f1364021000 rw-p 00000000 00:00 0 
7f1364021000-7f1368000000 ---p 00000000 00:00 0 
7f1368000000-7f1368021000 rw-p 00000000 00:00 0 
7f1368021000-7f136c000000 ---p 00000000 00:00 0 
7f136c000000-7f136c021000 rw-p 00000000 00:00 0 
7f136c021000-7f1370000000 ---p 00000000 00:00 0 
7f137000b000-7f137032d000 rw-p 00000000 00:00 0 
7f137032d000-7f1370905000 ---p 00000000 00:00 0 
7f1370905000-7f137090d000 rw-p 00000000 00:00 0 
7f137090d000-7f1370b7d000 rwxp 00000000 00:00 0 
7f1370b7d000-7f1370e9c000 ---p 00000000 00:00 0 
7f1370e9c000-7f137110c000 rwxp 00000000 00:00 0 
7f137110c000-7f13783d4000 ---p 00000000 00:00 0 
7f13783d4000-7f1378644000 rwxp 00000000 00:00 0 
7f1378644000-7f137f90d000 ---p 00000000 00:00 0 
7f137f90d000-7f1388000000 r--s 00000000 08:01 138105                     /usr/lib/jvm/java-11-openjdk-amd64/lib/modules
7f1388000000-7f1388180000 rw-p 00000000 00:00 0 
7f1388180000-7f138c000000 ---p 00000000 00:00 0 
7f138c002000-7f138c003000 ---p 00000000 00:00 0 
7f138c003000-7f138c104000 rw-p 00000000 00:00 0 
7f138c104000-7f138c105000 ---p 00000000 00:00 0 
7f138c105000-7f138c3f6000 rw-p 00000000 00:00 0 
7f138c3f6000-7f138c9ce000 ---p 00000000 00:00 0 
7f138c9ce000-7f138ca14000 rw-p 00000000 00:00 0 
7f138ca14000-7f138cacf000 ---p 00000000 00:00 0 
7f138cacf000-7f138cb0e000 rw-p 00000000 00:00 0 
7f138cb0e000-7f138cbc9000 ---p 00000000 00:00 0 
7f138cbc9000-7f138cc08000 rw-p 00000000 00:00 0 
7f138cc08000-7f138ccc3000 ---p 00000000 00:00 0 
7f138ccc3000-7f138cec6000 rw-p 00000000 00:00 0 
7f138cec6000-7f138cec7000 ---p 00000000 00:00 0 
7f138cec7000-7f138cfcd000 rw-p 00000000 00:00 0 
7f138cfcd000-7f138d0b3000 ---p 00000000 00:00 0 
7f138d0b3000-7f138d0b8000 rw-p 00000000 00:00 0 
7f138d0b8000-7f138d19e000 ---p 00000000 00:00 0 
7f138d19e000-7f138d1a3000 r-xp 00000000 08:01 137219                     /usr/lib/jvm/java-11-openjdk-amd64/lib/libjimage.so
7f138d1a3000-7f138d3a2000 ---p 00005000 08:01 137219                     /usr/lib/jvm/java-11-openjdk-amd64/lib/libjimage.so
7f138d3a2000-7f138d3a3000 r--p 00004000 08:01 137219                     /usr/lib/jvm/java-11-openjdk-amd64/lib/libjimage.so
7f138d3a3000-7f138d3a4000 rw-p 00005000 08:01 137219                     /usr/lib/jvm/java-11-openjdk-amd64/lib/libjimage.so
7f138d3a4000-7f138d3ab000 r-xp 00000000 08:01 138101                     /usr/lib/jvm/java-11-openjdk-amd64/lib/libzip.so
7f138d3ab000-7f138d5aa000 ---p 00007000 08:01 138101                     /usr/lib/jvm/java-11-openjdk-amd64/lib/libzip.so
7f138d5aa000-7f138d5ab000 r--p 00006000 08:01 138101                     /usr/lib/jvm/java-11-openjdk-amd64/lib/libzip.so
7f138d5ab000-7f138d5ac000 rw-p 00007000 08:01 138101                     /usr/lib/jvm/java-11-openjdk-amd64/lib/libzip.so
7f138d5ac000-7f138d5b7000 r-xp 00000000 08:01 399726                     /lib/x86_64-linux-gnu/libnss_files-2.27.so
7f138d5b7000-7f138d7b6000 ---p 0000b000 08:01 399726                     /lib/x86_64-linux-gnu/libnss_files-2.27.so
7f138d7b6000-7f138d7b7000 r--p 0000a000 08:01 399726                     /lib/x86_64-linux-gnu/libnss_files-2.27.so
7f138d7b7000-7f138d7b8000 rw-p 0000b000 08:01 399726                     /lib/x86_64-linux-gnu/libnss_files-2.27.so
7f138d7b8000-7f138d7be000 rw-p 00000000 00:00 0 
7f138d7be000-7f138d7d5000 r-xp 00000000 08:01 399720                     /lib/x86_64-linux-gnu/libnsl-2.27.so
7f138d7d5000-7f138d9d4000 ---p 00017000 08:01 399720                     /lib/x86_64-linux-gnu/libnsl-2.27.so
7f138d9d4000-7f138d9d5000 r--p 00016000 08:01 399720                     /lib/x86_64-linux-gnu/libnsl-2.27.so
7f138d9d5000-7f138d9d6000 rw-p 00017000 08:01 399720                     /lib/x86_64-linux-gnu/libnsl-2.27.so
7f138d9d6000-7f138d9d8000 rw-p 00000000 00:00 0 
7f138d9d8000-7f138d9e3000 r-xp 00000000 08:01 399737                     /lib/x86_64-linux-gnu/libnss_nis-2.27.so
7f138d9e3000-7f138dbe2000 ---p 0000b000 08:01 399737                     /lib/x86_64-linux-gnu/libnss_nis-2.27.so
7f138dbe2000-7f138dbe3000 r--p 0000a000 08:01 399737                     /lib/x86_64-linux-gnu/libnss_nis-2.27.so
7f138dbe3000-7f138dbe4000 rw-p 0000b000 08:01 399737                     /lib/x86_64-linux-gnu/libnss_nis-2.27.so
7f138dbe4000-7f138dbec000 r-xp 00000000 08:01 399722                     /lib/x86_64-linux-gnu/libnss_compat-2.27.so
7f138dbec000-7f138ddec000 ---p 00008000 08:01 399722                     /lib/x86_64-linux-gnu/libnss_compat-2.27.so
7f138ddec000-7f138dded000 r--p 00008000 08:01 399722                     /lib/x86_64-linux-gnu/libnss_compat-2.27.so
7f138dded000-7f138ddee000 rw-p 00009000 08:01 399722                     /lib/x86_64-linux-gnu/libnss_compat-2.27.so
7f138ddee000-7f138de17000 r-xp 00000000 08:01 137196                     /usr/lib/jvm/java-11-openjdk-amd64/lib/libjava.so
7f138de17000-7f138e016000 ---p 00029000 08:01 137196                     /usr/lib/jvm/java-11-openjdk-amd64/lib/libjava.so
7f138e016000-7f138e017000 r--p 00028000 08:01 137196                     /usr/lib/jvm/java-11-openjdk-amd64/lib/libjava.so
7f138e017000-7f138e019000 rw-p 00029000 08:01 137196                     /usr/lib/jvm/java-11-openjdk-amd64/lib/libjava.so
7f138e019000-7f138e026000 r-xp 00000000 08:01 138094                     /usr/lib/jvm/java-11-openjdk-amd64/lib/libverify.so
7f138e026000-7f138e225000 ---p 0000d000 08:01 138094                     /usr/lib/jvm/java-11-openjdk-amd64/lib/libverify.so
7f138e225000-7f138e227000 r--p 0000c000 08:01 138094                     /usr/lib/jvm/java-11-openjdk-amd64/lib/libverify.so
7f138e227000-7f138e228000 rw-p 0000e000 08:01 138094                     /usr/lib/jvm/java-11-openjdk-amd64/lib/libverify.so
7f138e228000-7f138e22f000 r-xp 00000000 08:01 399777                     /lib/x86_64-linux-gnu/librt-2.27.so
7f138e22f000-7f138e42e000 ---p 00007000 08:01 399777                     /lib/x86_64-linux-gnu/librt-2.27.so
7f138e42e000-7f138e42f000 r--p 00006000 08:01 399777                     /lib/x86_64-linux-gnu/librt-2.27.so
7f138e42f000-7f138e430000 rw-p 00007000 08:01 399777                     /lib/x86_64-linux-gnu/librt-2.27.so
7f138e430000-7f138e447000 r-xp 00000000 08:01 395584                     /lib/x86_64-linux-gnu/libgcc_s.so.1
7f138e447000-7f138e646000 ---p 00017000 08:01 395584                     /lib/x86_64-linux-gnu/libgcc_s.so.1
7f138e646000-7f138e647000 r--p 00016000 08:01 395584                     /lib/x86_64-linux-gnu/libgcc_s.so.1
7f138e647000-7f138e648000 rw-p 00017000 08:01 395584                     /lib/x86_64-linux-gnu/libgcc_s.so.1
7f138e648000-7f138e7e5000 r-xp 00000000 08:01 399699                     /lib/x86_64-linux-gnu/libm-2.27.so
7f138e7e5000-7f138e9e4000 ---p 0019d000 08:01 399699                     /lib/x86_64-linux-gnu/libm-2.27.so
7f138e9e4000-7f138e9e5000 r--p 0019c000 08:01 399699                     /lib/x86_64-linux-gnu/libm-2.27.so
7f138e9e5000-7f138e9e6000 rw-p 0019d000 08:01 399699                     /lib/x86_64-linux-gnu/libm-2.27.so
7f138e9e6000-7f138eb5f000 r-xp 00000000 08:01 789353                     /usr/lib/x86_64-linux-gnu/libstdc++.so.6.0.25
7f138eb5f000-7f138ed5f000 ---p 00179000 08:01 789353                     /usr/lib/x86_64-linux-gnu/libstdc++.so.6.0.25
7f138ed5f000-7f138ed69000 r--p 00179000 08:01 789353                     /usr/lib/x86_64-linux-gnu/libstdc++.so.6.0.25
7f138ed69000-7f138ed6b000 rw-p 00183000 08:01 789353                     /usr/lib/x86_64-linux-gnu/libstdc++.so.6.0.25
7f138ed6b000-7f138ed6f000 rw-p 00000000 00:00 0 
7f138ed6f000-7f138fe4c000 r-xp 00000000 08:01 542146                     /usr/lib/jvm/java-11-openjdk-amd64/lib/server/libjvm.so
7f138fe4c000-7f139004b000 ---p 010dd000 08:01 542146                     /usr/lib/jvm/java-11-openjdk-amd64/lib/server/libjvm.so
7f139004b000-7f1390108000 r--p 010dc000 08:01 542146                     /usr/lib/jvm/java-11-openjdk-amd64/lib/server/libjvm.so
7f1390108000-7f1390142000 rw-p 01199000 08:01 542146                     /usr/lib/jvm/java-11-openjdk-amd64/lib/server/libjvm.so
7f1390142000-7f1390198000 rw-p 00000000 00:00 0 
7f1390198000-7f13901b2000 r-xp 00000000 08:01 399769                     /lib/x86_64-linux-gnu/libpthread-2.27.so
7f13901b2000-7f13903b1000 ---p 0001a000 08:01 399769                     /lib/x86_64-linux-gnu/libpthread-2.27.so
7f13903b1000-7f13903b2000 r--p 00019000 08:01 399769                     /lib/x86_64-linux-gnu/libpthread-2.27.so
7f13903b2000-7f13903b3000 rw-p 0001a000 08:01 399769                     /lib/x86_64-linux-gnu/libpthread-2.27.so
7f13903b3000-7f13903b7000 rw-p 00000000 00:00 0 
7f13903b7000-7f13903ba000 r-xp 00000000 08:01 399659                     /lib/x86_64-linux-gnu/libdl-2.27.so
7f13903ba000-7f13905b9000 ---p 00003000 08:01 399659                     /lib/x86_64-linux-gnu/libdl-2.27.so
7f13905b9000-7f13905ba000 r--p 00002000 08:01 399659                     /lib/x86_64-linux-gnu/libdl-2.27.so
7f13905ba000-7f13905bb000 rw-p 00003000 08:01 399659                     /lib/x86_64-linux-gnu/libdl-2.27.so
7f13905bb000-7f13905d7000 r-xp 00000000 08:01 399808                     /lib/x86_64-linux-gnu/libz.so.1.2.11
7f13905d7000-7f13907d6000 ---p 0001c000 08:01 399808                     /lib/x86_64-linux-gnu/libz.so.1.2.11
7f13907d6000-7f13907d7000 r--p 0001b000 08:01 399808                     /lib/x86_64-linux-gnu/libz.so.1.2.11
7f13907d7000-7f13907d8000 rw-p 0001c000 08:01 399808                     /lib/x86_64-linux-gnu/libz.so.1.2.11
7f13907d8000-7f13909bf000 r-xp 00000000 08:01 399636                     /lib/x86_64-linux-gnu/libc-2.27.so
7f13909bf000-7f1390bbf000 ---p 001e7000 08:01 399636                     /lib/x86_64-linux-gnu/libc-2.27.so
7f1390bbf000-7f1390bc3000 r--p 001e7000 08:01 399636                     /lib/x86_64-linux-gnu/libc-2.27.so
7f1390bc3000-7f1390bc5000 rw-p 001eb000 08:01 399636                     /lib/x86_64-linux-gnu/libc-2.27.so
7f1390bc5000-7f1390bc9000 rw-p 00000000 00:00 0 
7f1390bc9000-7f1390bd9000 r-xp 00000000 08:01 542143                     /usr/lib/jvm/java-11-openjdk-amd64/lib/jli/libjli.so
7f1390bd9000-7f1390dd8000 ---p 00010000 08:01 542143                     /usr/lib/jvm/java-11-openjdk-amd64/lib/jli/libjli.so
7f1390dd8000-7f1390dd9000 r--p 0000f000 08:01 542143                     /usr/lib/jvm/java-11-openjdk-amd64/lib/jli/libjli.so
7f1390dd9000-7f1390dda000 rw-p 00010000 08:01 542143                     /usr/lib/jvm/java-11-openjdk-amd64/lib/jli/libjli.so
7f1390dda000-7f1390e01000 r-xp 00000000 08:01 399608                     /lib/x86_64-linux-gnu/ld-2.27.so
7f1390e08000-7f1390ee3000 rw-p 00000000 00:00 0 
7f1390ee3000-7f1390eea000 ---p 00000000 00:00 0 
7f1390eea000-7f1390eee000 ---p 00000000 00:00 0 
7f1390eee000-7f1390fed000 rw-p 00000000 00:00 0 
7f1390ff3000-7f1390ff5000 r--s 00007000 08:01 285666                     /usr/share/java/java-atk-wrapper.jar
7f1390ff5000-7f1390ffd000 rw-s 00000000 08:01 661285                     /tmp/hsperfdata_ubuntu/5058
7f1390ffd000-7f1390ffe000 ---p 00000000 00:00 0 
7f1390ffe000-7f1390fff000 r--p 00000000 00:00 0 
7f1390fff000-7f1391001000 rw-p 00000000 00:00 0 
7f1391001000-7f1391002000 r--p 00027000 08:01 399608                     /lib/x86_64-linux-gnu/ld-2.27.so
7f1391002000-7f1391003000 rw-p 00028000 08:01 399608                     /lib/x86_64-linux-gnu/ld-2.27.so
7f1391003000-7f1391004000 rw-p 00000000 00:00 0 
7ffe384ee000-7ffe38510000 rw-p 00000000 00:00 0                          [stack]
7ffe38576000-7ffe38579000 r--p 00000000 00:00 0                          [vvar]
7ffe38579000-7ffe3857b000 r-xp 00000000 00:00 0                          [vdso]
ffffffffff600000-ffffffffff601000 r-xp 00000000 00:00 0                  [vsyscall]


VM Arguments:
jvm_args: -Dfile.encoding=UTF-8 -Duser.country=FR -Duser.language=fr -Duser.variant 
java_command: jobshop.Main --solver tabou --instance la04 ft06 ft10
java_class_path (initial): /home/ubuntu/Bureau/template-jobshop-master/build/classes/java/main:/home/ubuntu/Bureau/template-jobshop-master/build/resources/main:/home/ubuntu/.gradle/caches/modules-2/files-2.1/net.sourceforge.argparse4j/argparse4j/0.8.1/2c8241f84acf6c924bd75be0dbd68e8d74fbcd70/argparse4j-0.8.1.jar
Launcher Type: SUN_STANDARD

[Global flags]
     intx CICompilerCount                          = 2                                         {product} {ergonomic}
     uint ConcGCThreads                            = 1                                         {product} {ergonomic}
     uint G1ConcRefinementThreads                  = 2                                         {product} {ergonomic}
   size_t G1HeapRegionSize                         = 1048576                                   {product} {ergonomic}
    uintx GCDrainStackTargetSize                   = 64                                        {product} {ergonomic}
   size_t InitialHeapSize                          = 33554432                                  {product} {ergonomic}
   size_t MarkStackSize                            = 4194304                                   {product} {ergonomic}
   size_t MaxHeapSize                              = 524288000                                 {product} {ergonomic}
   size_t MaxNewSize                               = 314572800                                 {product} {ergonomic}
   size_t MinHeapDeltaBytes                        = 1048576                                   {product} {ergonomic}
    uintx NonNMethodCodeHeapSize                   = 5825164                                {pd product} {ergonomic}
    uintx NonProfiledCodeHeapSize                  = 122916538                              {pd product} {ergonomic}
    uintx ProfiledCodeHeapSize                     = 122916538                              {pd product} {ergonomic}
    uintx ReservedCodeCacheSize                    = 251658240                              {pd product} {ergonomic}
     bool SegmentedCodeCache                       = true                                      {product} {ergonomic}
     bool UseCompressedClassPointers               = true                                 {lp64_product} {ergonomic}
     bool UseCompressedOops                        = true                                 {lp64_product} {ergonomic}
     bool UseG1GC                                  = true                                      {product} {ergonomic}

Logging:
Log output configuration:
 #0: stdout all=warning uptime,level,tags
 #1: stderr all=off uptime,level,tags

Environment Variables:
PATH=/usr/local/sbin:/usr/local/bin:/usr/sbin:/usr/bin:/sbin:/bin:/usr/games:/usr/local/games:/snap/bin
USERNAME=ubuntu
SHELL=/bin/bash
DISPLAY=:0

Signal Handlers:
SIGSEGV: [libjvm.so+0xdf8d00], sa_mask[0]=11111111011111111101111111111110, sa_flags=SA_RESTART|SA_SIGINFO
SIGBUS: [libjvm.so+0xdf8d00], sa_mask[0]=11111111011111111101111111111110, sa_flags=SA_RESTART|SA_SIGINFO
SIGFPE: [libjvm.so+0xdf8d00], sa_mask[0]=11111111011111111101111111111110, sa_flags=SA_RESTART|SA_SIGINFO
SIGPIPE: [libjvm.so+0xbcbc30], sa_mask[0]=11111111011111111101111111111110, sa_flags=SA_RESTART|SA_SIGINFO
SIGXFSZ: [libjvm.so+0xbcbc30], sa_mask[0]=11111111011111111101111111111110, sa_flags=SA_RESTART|SA_SIGINFO
SIGILL: [libjvm.so+0xdf8d00], sa_mask[0]=11111111011111111101111111111110, sa_flags=SA_RESTART|SA_SIGINFO
SIGUSR2: [libjvm.so+0xbcbad0], sa_mask[0]=00100000000000000000000000000000, sa_flags=SA_RESTART|SA_SIGINFO
SIGHUP: [libjvm.so+0xbcbe30], sa_mask[0]=11111111011111111101111111111110, sa_flags=SA_RESTART|SA_SIGINFO
SIGINT: [libjvm.so+0xbcbe30], sa_mask[0]=11111111011111111101111111111110, sa_flags=SA_RESTART|SA_SIGINFO
SIGTERM: [libjvm.so+0xbcbe30], sa_mask[0]=11111111011111111101111111111110, sa_flags=SA_RESTART|SA_SIGINFO
SIGQUIT: [libjvm.so+0xbcbe30], sa_mask[0]=11111111011111111101111111111110, sa_flags=SA_RESTART|SA_SIGINFO


---------------  S Y S T E M  ---------------

OS:DISTRIB_ID=Ubuntu
DISTRIB_RELEASE=18.04
DISTRIB_CODENAME=bionic
DISTRIB_DESCRIPTION="Ubuntu 18.04.4 LTS"
uname:Linux 4.15.0-99-generic #100-Ubuntu SMP Wed Apr 22 20:32:56 UTC 2020 x86_64
OS uptime: 0 days 1:13 hours
libc:glibc 2.27 NPTL 2.27 
rlimit: STACK 8192k, CORE 0k, NPROC 7796, NOFILE 1048576, AS infinity, CPU infinity, DATA infinity, FSIZE infinity
load average:0,19 0,78 0,75

/proc/meminfo:
MemTotal:        2040812 kB
MemFree:           78436 kB
MemAvailable:      51756 kB
Buffers:            1672 kB
Cached:            70636 kB
SwapCached:        10268 kB
Active:          1279720 kB
Inactive:         475060 kB
Active(anon):    1250540 kB
Inactive(anon):   433088 kB
Active(file):      29180 kB
Inactive(file):    41972 kB
Unevictable:          16 kB
Mlocked:              16 kB
SwapTotal:        728520 kB
SwapFree:              0 kB
Dirty:                56 kB
Writeback:             0 kB
AnonPages:       1672524 kB
Mapped:            64876 kB
Shmem:              1072 kB
Slab:              63208 kB
SReclaimable:      26060 kB
SUnreclaim:        37148 kB
KernelStack:       10624 kB
PageTables:        46172 kB
NFS_Unstable:          0 kB
Bounce:                0 kB
WritebackTmp:          0 kB
CommitLimit:     1748924 kB
Committed_AS:    6116976 kB
VmallocTotal:   34359738367 kB
VmallocUsed:           0 kB
VmallocChunk:          0 kB
HardwareCorrupted:     0 kB
AnonHugePages:         0 kB
ShmemHugePages:        0 kB
ShmemPmdMapped:        0 kB
CmaTotal:              0 kB
CmaFree:               0 kB
HugePages_Total:       0
HugePages_Free:        0
HugePages_Rsvd:        0
HugePages_Surp:        0
Hugepagesize:       2048 kB
DirectMap4k:      116672 kB
DirectMap2M:     1980416 kB


/proc/sys/kernel/threads-max (system-wide limit on the number of threads):
15593


/proc/sys/vm/max_map_count (maximum number of memory map areas a process may have):
65530


/proc/sys/kernel/pid_max (system-wide limit on number of process identifiers):
32768



container (cgroup) information:
container_type: cgroupv1
cpu_cpuset_cpus: 0-1
cpu_memory_nodes: 0
active_processor_count: 2
cpu_quota: -1
cpu_period: 100000
cpu_shares: -1
memory_limit_in_bytes: -1
memory_and_swap_limit_in_bytes: -2
memory_soft_limit_in_bytes: -1
memory_usage_in_bytes: 1792909312
memory_max_usage_in_bytes: 0

KVM virtualization detected
Steal ticks since vm start: 0
Steal ticks percentage since vm start:  0,000

CPU:total 2 (initial active 2) (2 cores per cpu, 1 threads per core) family 6 model 158 stepping 10, cmov, cx8, fxsr, mmx, sse, sse2, sse3, ssse3, sse4.1, sse4.2, popcnt, avx, avx2, aes, clmul, 3dnowpref, lzcnt, tsc, tscinvbit
CPU Model and flags from /proc/cpuinfo:
model name	: Intel(R) Core(TM) i5-8300H CPU @ 2.30GHz
flags		: fpu vme de pse tsc msr pae mce cx8 apic sep mtrr pge mca cmov pat pse36 clflush mmx fxsr sse sse2 ht syscall nx rdtscp lm constant_tsc rep_good nopl xtopology nonstop_tsc cpuid tsc_known_freq pni pclmulqdq ssse3 cx16 pcid sse4_1 sse4_2 x2apic movbe popcnt aes xsave avx rdrand hypervisor lahf_lm abm 3dnowprefetch invpcid_single pti fsgsbase avx2 invpcid rdseed clflushopt flush_l1d

Memory: 4k page, physical 2040812k(78312k free), swap 728520k(0k free)

vm_info: OpenJDK 64-Bit Server VM (11.0.7+10-post-Ubuntu-2ubuntu218.04) for linux-amd64 JRE (11.0.7+10-post-Ubuntu-2ubuntu218.04), built on Apr 15 2020 21:12:54 by "unknown" with gcc 7.5.0

END.
